2020-01-25 18:57:07.914  INFO 19592 --- [main] com.blackcat.blog.BlogBaseApplication    : Starting BlogBaseApplication on DESKTOP-7OHM8U2 with PID 19592 (D:\project\blackcat-blog-web\blog-base\target\classes started by kylin in D:\project\blackcat-blog-web)
2020-01-25 18:57:07.918  INFO 19592 --- [main] com.blackcat.blog.BlogBaseApplication    : No active profile set, falling back to default profiles: default
2020-01-25 18:57:09.045  INFO 19592 --- [main] .s.d.r.c.RepositoryConfigurationDelegate : Multiple Spring Data modules found, entering strict repository configuration mode!
2020-01-25 18:57:09.048  INFO 19592 --- [main] .s.d.r.c.RepositoryConfigurationDelegate : Bootstrapping Spring Data Redis repositories in DEFAULT mode.
2020-01-25 18:57:09.101  INFO 19592 --- [main] .s.d.r.c.RepositoryConfigurationDelegate : Finished Spring Data repository scanning in 35ms. Found 0 Redis repository interfaces.
2020-01-25 18:57:09.488  INFO 19592 --- [main] faultConfiguringBeanFactoryPostProcessor : No bean named 'errorChannel' has been explicitly defined. Therefore, a default PublishSubscribeChannel will be created.
2020-01-25 18:57:09.502  INFO 19592 --- [main] faultConfiguringBeanFactoryPostProcessor : No bean named 'taskScheduler' has been explicitly defined. Therefore, a default ThreadPoolTaskScheduler will be created.
2020-01-25 18:57:09.521  INFO 19592 --- [main] faultConfiguringBeanFactoryPostProcessor : No bean named 'integrationHeaderChannelRegistry' has been explicitly defined. Therefore, a default DefaultHeaderChannelRegistry will be created.
2020-01-25 18:57:09.645  INFO 19592 --- [main] trationDelegate$BeanPostProcessorChecker : Bean 'org.springframework.transaction.annotation.ProxyTransactionManagementConfiguration' of type [org.springframework.transaction.annotation.ProxyTransactionManagementConfiguration] is not eligible for getting processed by all BeanPostProcessors (for example: not eligible for auto-proxying)
2020-01-25 18:57:09.676  INFO 19592 --- [main] trationDelegate$BeanPostProcessorChecker : Bean 'org.springframework.integration.config.IntegrationManagementConfiguration' of type [org.springframework.integration.config.IntegrationManagementConfiguration] is not eligible for getting processed by all BeanPostProcessors (for example: not eligible for auto-proxying)
2020-01-25 18:57:09.685  INFO 19592 --- [main] trationDelegate$BeanPostProcessorChecker : Bean 'integrationChannelResolver' of type [org.springframework.integration.support.channel.BeanFactoryChannelResolver] is not eligible for getting processed by all BeanPostProcessors (for example: not eligible for auto-proxying)
2020-01-25 18:57:09.687  INFO 19592 --- [main] trationDelegate$BeanPostProcessorChecker : Bean 'integrationDisposableAutoCreatedBeans' of type [org.springframework.integration.config.annotation.Disposables] is not eligible for getting processed by all BeanPostProcessors (for example: not eligible for auto-proxying)
2020-01-25 18:57:10.064  INFO 19592 --- [main] o.s.b.w.embedded.tomcat.TomcatWebServer  : Tomcat initialized with port(s): 8087 (http)
2020-01-25 18:57:10.076  INFO 19592 --- [main] o.apache.catalina.core.StandardService   : Starting service [Tomcat]
2020-01-25 18:57:10.077  INFO 19592 --- [main] org.apache.catalina.core.StandardEngine  : Starting Servlet engine: [Apache Tomcat/9.0.29]
2020-01-25 18:57:10.079  INFO 19592 --- [main] o.a.catalina.core.AprLifecycleListener   : An older version [1.2.14] of the APR based Apache Tomcat Native library is installed, while Tomcat recommends a minimum version of [1.2.23]
2020-01-25 18:57:10.079  INFO 19592 --- [main] o.a.catalina.core.AprLifecycleListener   : Loaded APR based Apache Tomcat Native library [1.2.14] using APR version [1.6.2].
2020-01-25 18:57:10.079  INFO 19592 --- [main] o.a.catalina.core.AprLifecycleListener   : APR capabilities: IPv6 [true], sendfile [true], accept filters [false], random [true].
2020-01-25 18:57:10.079  INFO 19592 --- [main] o.a.catalina.core.AprLifecycleListener   : APR/OpenSSL configuration: useAprConnector [false], useOpenSSL [true]
2020-01-25 18:57:11.159  INFO 19592 --- [main] o.a.catalina.core.AprLifecycleListener   : OpenSSL successfully initialized [OpenSSL 1.0.2l  25 May 2017]
2020-01-25 18:57:11.320  INFO 19592 --- [main] o.a.c.c.C.[Tomcat].[localhost].[/]       : Initializing Spring embedded WebApplicationContext
2020-01-25 18:57:11.321  INFO 19592 --- [main] o.s.web.context.ContextLoader            : Root WebApplicationContext: initialization completed in 3294 ms
2020-01-25 18:57:13.843  INFO 19592 --- [main] o.s.s.concurrent.ThreadPoolTaskExecutor  : Initializing ExecutorService 'applicationTaskExecutor'
2020-01-25 18:57:13.946  INFO 19592 --- [main] o.s.b.a.w.s.WelcomePageHandlerMapping    : Adding welcome page template: index
2020-01-25 18:57:15.149  INFO 19592 --- [main] org.quartz.impl.StdSchedulerFactory      : Using default implementation for ThreadExecutor
2020-01-25 18:57:15.170  INFO 19592 --- [main] org.quartz.core.SchedulerSignalerImpl    : Initialized Scheduler Signaller of type: class org.quartz.core.SchedulerSignalerImpl
2020-01-25 18:57:15.170  INFO 19592 --- [main] org.quartz.core.QuartzScheduler          : Quartz Scheduler v.2.3.2 created.
2020-01-25 18:57:15.171  INFO 19592 --- [main] org.quartz.simpl.RAMJobStore             : RAMJobStore initialized.
2020-01-25 18:57:15.172  INFO 19592 --- [main] org.quartz.core.QuartzScheduler          : Scheduler meta-data: Quartz Scheduler (v2.3.2) 'quartzScheduler' with instanceId 'NON_CLUSTERED'
  Scheduler class: 'org.quartz.core.QuartzScheduler' - running locally.
  NOT STARTED.
  Currently in standby mode.
  Number of jobs executed: 0
  Using thread pool 'org.quartz.simpl.SimpleThreadPool' - with 10 threads.
  Using job-store 'org.quartz.simpl.RAMJobStore' - which does not support persistence. and is not clustered.

2020-01-25 18:57:15.173  INFO 19592 --- [main] org.quartz.impl.StdSchedulerFactory      : Quartz scheduler 'quartzScheduler' initialized from an externally provided properties instance.
2020-01-25 18:57:15.173  INFO 19592 --- [main] org.quartz.impl.StdSchedulerFactory      : Quartz scheduler version: 2.3.2
2020-01-25 18:57:15.173  INFO 19592 --- [main] org.quartz.core.QuartzScheduler          : JobFactory set to: org.springframework.scheduling.quartz.SpringBeanJobFactory@7d3c22a5
2020-01-25 18:57:15.316  INFO 19592 --- [main] o.s.s.c.ThreadPoolTaskScheduler          : Initializing ExecutorService 'taskScheduler'
2020-01-25 18:57:15.412  INFO 19592 --- [main] o.s.i.endpoint.EventDrivenConsumer       : Adding {logging-channel-adapter:_org.springframework.integration.errorLogger} as a subscriber to the 'errorChannel' channel
2020-01-25 18:57:15.412  INFO 19592 --- [main] o.s.i.channel.PublishSubscribeChannel    : Channel 'blog.errorChannel' has 1 subscriber(s).
2020-01-25 18:57:15.413  INFO 19592 --- [main] o.s.i.endpoint.EventDrivenConsumer       : started bean '_org.springframework.integration.errorLogger'
2020-01-25 18:57:15.413  INFO 19592 --- [main] o.s.s.quartz.SchedulerFactoryBean        : Starting Quartz Scheduler now
2020-01-25 18:57:15.413  INFO 19592 --- [main] org.quartz.core.QuartzScheduler          : Scheduler quartzScheduler_$_NON_CLUSTERED started.
2020-01-25 18:57:15.457  INFO 19592 --- [main] o.s.b.w.embedded.tomcat.TomcatWebServer  : Tomcat started on port(s): 8087 (http) with context path ''
2020-01-25 18:57:15.460  INFO 19592 --- [main] com.blackcat.blog.BlogBaseApplication    : Started BlogBaseApplication in 8.285 seconds (JVM running for 10.573)
2020-01-25 18:57:22.919  INFO 19592 --- [http-nio-8087-exec-1] o.a.c.c.C.[Tomcat].[localhost].[/]       : Initializing Spring DispatcherServlet 'dispatcherServlet'
2020-01-25 18:57:22.920  INFO 19592 --- [http-nio-8087-exec-1] o.s.web.servlet.DispatcherServlet        : Initializing Servlet 'dispatcherServlet'
2020-01-25 18:57:22.932  INFO 19592 --- [http-nio-8087-exec-1] o.s.web.servlet.DispatcherServlet        : Completed initialization in 12 ms
2020-01-25 18:57:23.431  INFO 19592 --- [http-nio-8087-exec-1] com.alibaba.druid.pool.DruidDataSource   : {dataSource-1} inited
2020-01-25 18:57:23.765 DEBUG 19592 --- [http-nio-8087-exec-1] c.b.b.c.m.SysMenuMapper.listUserMenu     : ==>  Preparing: SELECT re.id, re.`name`, re.parent_id, re.url, re.permission, re.icon, re.external, re.`available`, node.id AS node_id, node.`name` AS node_name, node.`type` AS node_type, node.`url` AS node_url, node.parent_id AS node_parent_id, node.`permission` AS node_permission, node.`available` AS node_available, node.`external` AS node_external, node.icon AS node_icon FROM sys_menu re LEFT JOIN sys_role_menu rr ON re.id = rr.menu_id LEFT JOIN sys_user_role ur ON rr.role_id = ur.role_id LEFT JOIN sys_menu node ON node.parent_id = re.id AND node.available = 1 WHERE (re.parent_id = 0 OR re.parent_id IS NULL ) AND re.available = 1 AND ur.user_id = ? AND re.type= ? ORDER BY re.sort ASC, node.sort ASC 
2020-01-25 18:57:23.806 DEBUG 19592 --- [http-nio-8087-exec-1] c.b.b.c.m.SysMenuMapper.listUserMenu     : ==> Parameters: 1(Integer), menu(String)
2020-01-25 18:57:23.925 DEBUG 19592 --- [http-nio-8087-exec-1] c.b.b.c.m.SysMenuMapper.listUserMenu     : <==      Total: 4
2020-01-25 18:57:23.982 DEBUG 19592 --- [http-nio-8087-exec-1] c.b.b.c.m.S.listAllAvailableMenu         : ==>  Preparing: SELECT r.id, r.`name`, node.id AS node_id, node.`name` AS node_name, node.parent_id FROM sys_menu r LEFT JOIN sys_menu node ON ( node.parent_id = r.id AND node.available = 1 AND node.type = 'menu' ) WHERE r.available = 1 AND r.type = 'menu' AND (r.url IS NULL OR r.url = '') AND (r.permission IS NULL OR r.permission = '') ORDER BY r.sort ASC, node.sort ASC 
2020-01-25 18:57:23.983 DEBUG 19592 --- [http-nio-8087-exec-1] c.b.b.c.m.S.listAllAvailableMenu         : ==> Parameters: 
2020-01-25 18:57:23.989 DEBUG 19592 --- [http-nio-8087-exec-1] c.b.b.c.m.S.listAllAvailableMenu         : <==      Total: 4
2020-01-25 18:57:25.273 DEBUG 19592 --- [http-nio-8087-exec-10] b.b.c.m.S.findPageBreakByCondition_COUNT : ==>  Preparing: SELECT count(0) FROM sys_Menu com LEFT JOIN sys_Menu f ON com.parent_id = f.id WHERE 1 = 1 
2020-01-25 18:57:25.273 DEBUG 19592 --- [http-nio-8087-exec-10] b.b.c.m.S.findPageBreakByCondition_COUNT : ==> Parameters: 
2020-01-25 18:57:25.275 DEBUG 19592 --- [http-nio-8087-exec-10] b.b.c.m.S.findPageBreakByCondition_COUNT : <==      Total: 1
2020-01-25 18:57:25.278 DEBUG 19592 --- [http-nio-8087-exec-10] c.b.b.c.m.S.findPageBreakByCondition     : ==>  Preparing: SELECT com.*, f.id parent_id, f.`name` parent_name, f.`icon` parent_icon, f.type parent_type FROM sys_Menu com LEFT JOIN sys_Menu f ON com.parent_id = f.id WHERE 1 = 1 ORDER by com.parent_id ASC, com.name DESC LIMIT ? 
2020-01-25 18:57:25.278 DEBUG 19592 --- [http-nio-8087-exec-10] c.b.b.c.m.S.findPageBreakByCondition     : ==> Parameters: 10(Integer)
2020-01-25 18:57:25.290 DEBUG 19592 --- [http-nio-8087-exec-10] c.b.b.c.m.S.findPageBreakByCondition     : <==      Total: 10
2020-01-25 18:57:27.380 DEBUG 19592 --- [http-nio-8087-exec-1] c.b.b.c.m.SysMenuMapper.listUserMenu     : ==>  Preparing: SELECT re.id, re.`name`, re.parent_id, re.url, re.permission, re.icon, re.external, re.`available`, node.id AS node_id, node.`name` AS node_name, node.`type` AS node_type, node.`url` AS node_url, node.parent_id AS node_parent_id, node.`permission` AS node_permission, node.`available` AS node_available, node.`external` AS node_external, node.icon AS node_icon FROM sys_menu re LEFT JOIN sys_role_menu rr ON re.id = rr.menu_id LEFT JOIN sys_user_role ur ON rr.role_id = ur.role_id LEFT JOIN sys_menu node ON node.parent_id = re.id AND node.available = 1 WHERE (re.parent_id = 0 OR re.parent_id IS NULL ) AND re.available = 1 AND ur.user_id = ? AND re.type= ? ORDER BY re.sort ASC, node.sort ASC 
2020-01-25 18:57:27.380 DEBUG 19592 --- [http-nio-8087-exec-1] c.b.b.c.m.SysMenuMapper.listUserMenu     : ==> Parameters: 1(Integer), menu(String)
2020-01-25 18:57:27.386 DEBUG 19592 --- [http-nio-8087-exec-1] c.b.b.c.m.SysMenuMapper.listUserMenu     : <==      Total: 4
2020-01-25 18:58:04.323 DEBUG 19592 --- [http-nio-8087-exec-3] c.b.b.c.m.SysMenuMapper.listUserMenu     : ==>  Preparing: SELECT re.id, re.`name`, re.parent_id, re.url, re.permission, re.icon, re.external, re.`available`, node.id AS node_id, node.`name` AS node_name, node.`type` AS node_type, node.`url` AS node_url, node.parent_id AS node_parent_id, node.`permission` AS node_permission, node.`available` AS node_available, node.`external` AS node_external, node.icon AS node_icon FROM sys_menu re LEFT JOIN sys_role_menu rr ON re.id = rr.menu_id LEFT JOIN sys_user_role ur ON rr.role_id = ur.role_id LEFT JOIN sys_menu node ON node.parent_id = re.id AND node.available = 1 WHERE (re.parent_id = 0 OR re.parent_id IS NULL ) AND re.available = 1 AND ur.user_id = ? AND re.type= ? ORDER BY re.sort ASC, node.sort ASC 
2020-01-25 18:58:04.344 DEBUG 19592 --- [http-nio-8087-exec-3] c.b.b.c.m.SysMenuMapper.listUserMenu     : ==> Parameters: 1(Integer), menu(String)
2020-01-25 18:58:04.358 DEBUG 19592 --- [http-nio-8087-exec-3] c.b.b.c.m.SysMenuMapper.listUserMenu     : <==      Total: 4
2020-01-25 18:58:06.648 DEBUG 19592 --- [http-nio-8087-exec-6] c.b.b.c.m.SysMenuMapper.listUserMenu     : ==>  Preparing: SELECT re.id, re.`name`, re.parent_id, re.url, re.permission, re.icon, re.external, re.`available`, node.id AS node_id, node.`name` AS node_name, node.`type` AS node_type, node.`url` AS node_url, node.parent_id AS node_parent_id, node.`permission` AS node_permission, node.`available` AS node_available, node.`external` AS node_external, node.icon AS node_icon FROM sys_menu re LEFT JOIN sys_role_menu rr ON re.id = rr.menu_id LEFT JOIN sys_user_role ur ON rr.role_id = ur.role_id LEFT JOIN sys_menu node ON node.parent_id = re.id AND node.available = 1 WHERE (re.parent_id = 0 OR re.parent_id IS NULL ) AND re.available = 1 AND ur.user_id = ? AND re.type= ? ORDER BY re.sort ASC, node.sort ASC 
2020-01-25 18:58:06.649 DEBUG 19592 --- [http-nio-8087-exec-6] c.b.b.c.m.SysMenuMapper.listUserMenu     : ==> Parameters: 1(Integer), menu(String)
2020-01-25 18:58:06.653 DEBUG 19592 --- [http-nio-8087-exec-6] c.b.b.c.m.SysMenuMapper.listUserMenu     : <==      Total: 4
2020-01-25 18:58:07.489 DEBUG 19592 --- [http-nio-8087-exec-5] b.b.c.m.S.findPageBreakByCondition_COUNT : ==>  Preparing: SELECT count(0) FROM (SELECT s.* FROM sys_user s WHERE 1 = 1 GROUP BY s.id) table_count 
2020-01-25 18:58:07.489 DEBUG 19592 --- [http-nio-8087-exec-5] b.b.c.m.S.findPageBreakByCondition_COUNT : ==> Parameters: 
2020-01-25 18:58:07.502 DEBUG 19592 --- [http-nio-8087-exec-5] b.b.c.m.S.findPageBreakByCondition_COUNT : <==      Total: 1
2020-01-25 18:58:07.504 DEBUG 19592 --- [http-nio-8087-exec-5] c.b.b.c.m.S.findPageBreakByCondition     : ==>  Preparing: SELECT s.* FROM sys_user s WHERE 1 = 1 GROUP BY s.id ORDER BY s.create_time DESC LIMIT ? 
2020-01-25 18:58:07.504 DEBUG 19592 --- [http-nio-8087-exec-5] c.b.b.c.m.S.findPageBreakByCondition     : ==> Parameters: 10(Integer)
2020-01-25 18:58:07.510 DEBUG 19592 --- [http-nio-8087-exec-5] c.b.b.c.m.S.findPageBreakByCondition     : <==      Total: 2
2020-01-25 18:58:10.686 DEBUG 19592 --- [http-nio-8087-exec-4] c.b.b.c.m.SysMenuMapper.listUserMenu     : ==>  Preparing: SELECT re.id, re.`name`, re.parent_id, re.url, re.permission, re.icon, re.external, re.`available`, node.id AS node_id, node.`name` AS node_name, node.`type` AS node_type, node.`url` AS node_url, node.parent_id AS node_parent_id, node.`permission` AS node_permission, node.`available` AS node_available, node.`external` AS node_external, node.icon AS node_icon FROM sys_menu re LEFT JOIN sys_role_menu rr ON re.id = rr.menu_id LEFT JOIN sys_user_role ur ON rr.role_id = ur.role_id LEFT JOIN sys_menu node ON node.parent_id = re.id AND node.available = 1 WHERE (re.parent_id = 0 OR re.parent_id IS NULL ) AND re.available = 1 AND ur.user_id = ? AND re.type= ? ORDER BY re.sort ASC, node.sort ASC 
2020-01-25 18:58:10.687 DEBUG 19592 --- [http-nio-8087-exec-4] c.b.b.c.m.SysMenuMapper.listUserMenu     : ==> Parameters: 1(Integer), menu(String)
2020-01-25 18:58:10.691 DEBUG 19592 --- [http-nio-8087-exec-4] c.b.b.c.m.SysMenuMapper.listUserMenu     : <==      Total: 4
2020-01-25 18:59:12.053 DEBUG 19592 --- [http-nio-8087-exec-3] c.b.b.c.m.SysMenuMapper.listUserMenu     : ==>  Preparing: SELECT re.id, re.`name`, re.parent_id, re.url, re.permission, re.icon, re.external, re.`available`, node.id AS node_id, node.`name` AS node_name, node.`type` AS node_type, node.`url` AS node_url, node.parent_id AS node_parent_id, node.`permission` AS node_permission, node.`available` AS node_available, node.`external` AS node_external, node.icon AS node_icon FROM sys_menu re LEFT JOIN sys_role_menu rr ON re.id = rr.menu_id LEFT JOIN sys_user_role ur ON rr.role_id = ur.role_id LEFT JOIN sys_menu node ON node.parent_id = re.id AND node.available = 1 WHERE (re.parent_id = 0 OR re.parent_id IS NULL ) AND re.available = 1 AND ur.user_id = ? AND re.type= ? ORDER BY re.sort ASC, node.sort ASC 
2020-01-25 18:59:12.054 DEBUG 19592 --- [http-nio-8087-exec-3] c.b.b.c.m.SysMenuMapper.listUserMenu     : ==> Parameters: 1(Integer), menu(String)
2020-01-25 18:59:12.061 DEBUG 19592 --- [http-nio-8087-exec-3] c.b.b.c.m.SysMenuMapper.listUserMenu     : <==      Total: 4
2020-01-25 18:59:19.713 DEBUG 19592 --- [http-nio-8087-exec-5] c.b.b.c.m.SysMenuMapper.listUserMenu     : ==>  Preparing: SELECT re.id, re.`name`, re.parent_id, re.url, re.permission, re.icon, re.external, re.`available`, node.id AS node_id, node.`name` AS node_name, node.`type` AS node_type, node.`url` AS node_url, node.parent_id AS node_parent_id, node.`permission` AS node_permission, node.`available` AS node_available, node.`external` AS node_external, node.icon AS node_icon FROM sys_menu re LEFT JOIN sys_role_menu rr ON re.id = rr.menu_id LEFT JOIN sys_user_role ur ON rr.role_id = ur.role_id LEFT JOIN sys_menu node ON node.parent_id = re.id AND node.available = 1 WHERE (re.parent_id = 0 OR re.parent_id IS NULL ) AND re.available = 1 AND ur.user_id = ? AND re.type= ? ORDER BY re.sort ASC, node.sort ASC 
2020-01-25 18:59:19.714 DEBUG 19592 --- [http-nio-8087-exec-5] c.b.b.c.m.SysMenuMapper.listUserMenu     : ==> Parameters: 1(Integer), menu(String)
2020-01-25 18:59:19.717 DEBUG 19592 --- [http-nio-8087-exec-5] c.b.b.c.m.SysMenuMapper.listUserMenu     : <==      Total: 4
2020-01-25 18:59:22.464 DEBUG 19592 --- [http-nio-8087-exec-7] c.b.b.c.m.SysMenuMapper.listUserMenu     : ==>  Preparing: SELECT re.id, re.`name`, re.parent_id, re.url, re.permission, re.icon, re.external, re.`available`, node.id AS node_id, node.`name` AS node_name, node.`type` AS node_type, node.`url` AS node_url, node.parent_id AS node_parent_id, node.`permission` AS node_permission, node.`available` AS node_available, node.`external` AS node_external, node.icon AS node_icon FROM sys_menu re LEFT JOIN sys_role_menu rr ON re.id = rr.menu_id LEFT JOIN sys_user_role ur ON rr.role_id = ur.role_id LEFT JOIN sys_menu node ON node.parent_id = re.id AND node.available = 1 WHERE (re.parent_id = 0 OR re.parent_id IS NULL ) AND re.available = 1 AND ur.user_id = ? AND re.type= ? ORDER BY re.sort ASC, node.sort ASC 
2020-01-25 18:59:22.465 DEBUG 19592 --- [http-nio-8087-exec-7] c.b.b.c.m.SysMenuMapper.listUserMenu     : ==> Parameters: 1(Integer), menu(String)
2020-01-25 18:59:22.467 DEBUG 19592 --- [http-nio-8087-exec-7] c.b.b.c.m.SysMenuMapper.listUserMenu     : <==      Total: 4
2020-01-25 18:59:50.370  INFO 19592 --- [SpringContextShutdownHook] org.quartz.core.QuartzScheduler          : Scheduler quartzScheduler_$_NON_CLUSTERED paused.
2020-01-25 18:59:50.371  INFO 19592 --- [SpringContextShutdownHook] o.s.i.endpoint.EventDrivenConsumer       : Removing {logging-channel-adapter:_org.springframework.integration.errorLogger} as a subscriber to the 'errorChannel' channel
2020-01-25 18:59:50.372  INFO 19592 --- [SpringContextShutdownHook] o.s.i.channel.PublishSubscribeChannel    : Channel 'blog.errorChannel' has 0 subscriber(s).
2020-01-25 18:59:50.373  INFO 19592 --- [SpringContextShutdownHook] o.s.i.endpoint.EventDrivenConsumer       : stopped bean '_org.springframework.integration.errorLogger'
2020-01-25 18:59:50.373  INFO 19592 --- [SpringContextShutdownHook] o.s.s.c.ThreadPoolTaskScheduler          : Shutting down ExecutorService 'taskScheduler'
2020-01-25 18:59:50.375  INFO 19592 --- [SpringContextShutdownHook] o.s.s.quartz.SchedulerFactoryBean        : Shutting down Quartz Scheduler
2020-01-25 18:59:50.375  INFO 19592 --- [SpringContextShutdownHook] org.quartz.core.QuartzScheduler          : Scheduler quartzScheduler_$_NON_CLUSTERED shutting down.
2020-01-25 18:59:50.375  INFO 19592 --- [SpringContextShutdownHook] org.quartz.core.QuartzScheduler          : Scheduler quartzScheduler_$_NON_CLUSTERED paused.
2020-01-25 18:59:50.376  INFO 19592 --- [SpringContextShutdownHook] org.quartz.core.QuartzScheduler          : Scheduler quartzScheduler_$_NON_CLUSTERED shutdown complete.
2020-01-25 18:59:50.463  INFO 19592 --- [SpringContextShutdownHook] o.s.s.concurrent.ThreadPoolTaskExecutor  : Shutting down ExecutorService 'applicationTaskExecutor'
2020-01-25 18:59:50.470  INFO 19592 --- [SpringContextShutdownHook] com.alibaba.druid.pool.DruidDataSource   : {dataSource-1} closed
2020-01-25 18:59:57.352  INFO 16040 --- [main] com.blackcat.blog.BlogBaseApplication    : Starting BlogBaseApplication on DESKTOP-7OHM8U2 with PID 16040 (D:\project\blackcat-blog-web\blog-base\target\classes started by kylin in D:\project\blackcat-blog-web)
2020-01-25 18:59:57.357  INFO 16040 --- [main] com.blackcat.blog.BlogBaseApplication    : No active profile set, falling back to default profiles: default
2020-01-25 18:59:58.243  INFO 16040 --- [main] .s.d.r.c.RepositoryConfigurationDelegate : Multiple Spring Data modules found, entering strict repository configuration mode!
2020-01-25 18:59:58.247  INFO 16040 --- [main] .s.d.r.c.RepositoryConfigurationDelegate : Bootstrapping Spring Data Redis repositories in DEFAULT mode.
2020-01-25 18:59:58.298  INFO 16040 --- [main] .s.d.r.c.RepositoryConfigurationDelegate : Finished Spring Data repository scanning in 34ms. Found 0 Redis repository interfaces.
2020-01-25 18:59:58.695  INFO 16040 --- [main] faultConfiguringBeanFactoryPostProcessor : No bean named 'errorChannel' has been explicitly defined. Therefore, a default PublishSubscribeChannel will be created.
2020-01-25 18:59:58.706  INFO 16040 --- [main] faultConfiguringBeanFactoryPostProcessor : No bean named 'taskScheduler' has been explicitly defined. Therefore, a default ThreadPoolTaskScheduler will be created.
2020-01-25 18:59:58.713  INFO 16040 --- [main] faultConfiguringBeanFactoryPostProcessor : No bean named 'integrationHeaderChannelRegistry' has been explicitly defined. Therefore, a default DefaultHeaderChannelRegistry will be created.
2020-01-25 18:59:58.829  INFO 16040 --- [main] trationDelegate$BeanPostProcessorChecker : Bean 'org.springframework.transaction.annotation.ProxyTransactionManagementConfiguration' of type [org.springframework.transaction.annotation.ProxyTransactionManagementConfiguration] is not eligible for getting processed by all BeanPostProcessors (for example: not eligible for auto-proxying)
2020-01-25 18:59:58.869  INFO 16040 --- [main] trationDelegate$BeanPostProcessorChecker : Bean 'org.springframework.integration.config.IntegrationManagementConfiguration' of type [org.springframework.integration.config.IntegrationManagementConfiguration] is not eligible for getting processed by all BeanPostProcessors (for example: not eligible for auto-proxying)
2020-01-25 18:59:58.878  INFO 16040 --- [main] trationDelegate$BeanPostProcessorChecker : Bean 'integrationChannelResolver' of type [org.springframework.integration.support.channel.BeanFactoryChannelResolver] is not eligible for getting processed by all BeanPostProcessors (for example: not eligible for auto-proxying)
2020-01-25 18:59:58.881  INFO 16040 --- [main] trationDelegate$BeanPostProcessorChecker : Bean 'integrationDisposableAutoCreatedBeans' of type [org.springframework.integration.config.annotation.Disposables] is not eligible for getting processed by all BeanPostProcessors (for example: not eligible for auto-proxying)
2020-01-25 18:59:59.220  INFO 16040 --- [main] o.s.b.w.embedded.tomcat.TomcatWebServer  : Tomcat initialized with port(s): 8087 (http)
2020-01-25 18:59:59.234  INFO 16040 --- [main] o.apache.catalina.core.StandardService   : Starting service [Tomcat]
2020-01-25 18:59:59.235  INFO 16040 --- [main] org.apache.catalina.core.StandardEngine  : Starting Servlet engine: [Apache Tomcat/9.0.29]
2020-01-25 18:59:59.237  INFO 16040 --- [main] o.a.catalina.core.AprLifecycleListener   : An older version [1.2.14] of the APR based Apache Tomcat Native library is installed, while Tomcat recommends a minimum version of [1.2.23]
2020-01-25 18:59:59.237  INFO 16040 --- [main] o.a.catalina.core.AprLifecycleListener   : Loaded APR based Apache Tomcat Native library [1.2.14] using APR version [1.6.2].
2020-01-25 18:59:59.237  INFO 16040 --- [main] o.a.catalina.core.AprLifecycleListener   : APR capabilities: IPv6 [true], sendfile [true], accept filters [false], random [true].
2020-01-25 18:59:59.238  INFO 16040 --- [main] o.a.catalina.core.AprLifecycleListener   : APR/OpenSSL configuration: useAprConnector [false], useOpenSSL [true]
2020-01-25 19:00:00.319  INFO 16040 --- [main] o.a.catalina.core.AprLifecycleListener   : OpenSSL successfully initialized [OpenSSL 1.0.2l  25 May 2017]
2020-01-25 19:00:00.448  INFO 16040 --- [main] o.a.c.c.C.[Tomcat].[localhost].[/]       : Initializing Spring embedded WebApplicationContext
2020-01-25 19:00:00.448  INFO 16040 --- [main] o.s.web.context.ContextLoader            : Root WebApplicationContext: initialization completed in 2999 ms
2020-01-25 19:00:02.638  INFO 16040 --- [main] o.s.s.concurrent.ThreadPoolTaskExecutor  : Initializing ExecutorService 'applicationTaskExecutor'
2020-01-25 19:00:02.725  INFO 16040 --- [main] o.s.b.a.w.s.WelcomePageHandlerMapping    : Adding welcome page template: index
2020-01-25 19:00:03.383  INFO 16040 --- [main] org.quartz.impl.StdSchedulerFactory      : Using default implementation for ThreadExecutor
2020-01-25 19:00:03.401  INFO 16040 --- [main] org.quartz.core.SchedulerSignalerImpl    : Initialized Scheduler Signaller of type: class org.quartz.core.SchedulerSignalerImpl
2020-01-25 19:00:03.402  INFO 16040 --- [main] org.quartz.core.QuartzScheduler          : Quartz Scheduler v.2.3.2 created.
2020-01-25 19:00:03.403  INFO 16040 --- [main] org.quartz.simpl.RAMJobStore             : RAMJobStore initialized.
2020-01-25 19:00:03.404  INFO 16040 --- [main] org.quartz.core.QuartzScheduler          : Scheduler meta-data: Quartz Scheduler (v2.3.2) 'quartzScheduler' with instanceId 'NON_CLUSTERED'
  Scheduler class: 'org.quartz.core.QuartzScheduler' - running locally.
  NOT STARTED.
  Currently in standby mode.
  Number of jobs executed: 0
  Using thread pool 'org.quartz.simpl.SimpleThreadPool' - with 10 threads.
  Using job-store 'org.quartz.simpl.RAMJobStore' - which does not support persistence. and is not clustered.

2020-01-25 19:00:03.405  INFO 16040 --- [main] org.quartz.impl.StdSchedulerFactory      : Quartz scheduler 'quartzScheduler' initialized from an externally provided properties instance.
2020-01-25 19:00:03.405  INFO 16040 --- [main] org.quartz.impl.StdSchedulerFactory      : Quartz scheduler version: 2.3.2
2020-01-25 19:00:03.405  INFO 16040 --- [main] org.quartz.core.QuartzScheduler          : JobFactory set to: org.springframework.scheduling.quartz.SpringBeanJobFactory@503556cb
2020-01-25 19:00:03.538  INFO 16040 --- [main] o.s.s.c.ThreadPoolTaskScheduler          : Initializing ExecutorService 'taskScheduler'
2020-01-25 19:00:03.611  INFO 16040 --- [main] o.s.i.endpoint.EventDrivenConsumer       : Adding {logging-channel-adapter:_org.springframework.integration.errorLogger} as a subscriber to the 'errorChannel' channel
2020-01-25 19:00:03.612  INFO 16040 --- [main] o.s.i.channel.PublishSubscribeChannel    : Channel 'blog.errorChannel' has 1 subscriber(s).
2020-01-25 19:00:03.612  INFO 16040 --- [main] o.s.i.endpoint.EventDrivenConsumer       : started bean '_org.springframework.integration.errorLogger'
2020-01-25 19:00:03.612  INFO 16040 --- [main] o.s.s.quartz.SchedulerFactoryBean        : Starting Quartz Scheduler now
2020-01-25 19:00:03.612  INFO 16040 --- [main] org.quartz.core.QuartzScheduler          : Scheduler quartzScheduler_$_NON_CLUSTERED started.
2020-01-25 19:00:03.673  INFO 16040 --- [main] o.s.b.w.embedded.tomcat.TomcatWebServer  : Tomcat started on port(s): 8087 (http) with context path ''
2020-01-25 19:00:03.678  INFO 16040 --- [main] com.blackcat.blog.BlogBaseApplication    : Started BlogBaseApplication in 7.089 seconds (JVM running for 9.045)
2020-01-25 19:00:07.232  INFO 16040 --- [http-nio-8087-exec-1] o.a.c.c.C.[Tomcat].[localhost].[/]       : Initializing Spring DispatcherServlet 'dispatcherServlet'
2020-01-25 19:00:07.233  INFO 16040 --- [http-nio-8087-exec-1] o.s.web.servlet.DispatcherServlet        : Initializing Servlet 'dispatcherServlet'
2020-01-25 19:00:07.242  INFO 16040 --- [http-nio-8087-exec-1] o.s.web.servlet.DispatcherServlet        : Completed initialization in 9 ms
2020-01-25 19:00:07.577  INFO 16040 --- [http-nio-8087-exec-1] com.alibaba.druid.pool.DruidDataSource   : {dataSource-1} inited
2020-01-25 19:00:07.718 DEBUG 16040 --- [http-nio-8087-exec-1] c.b.b.c.m.SysMenuMapper.listUserMenu     : ==>  Preparing: SELECT re.id, re.`name`, re.parent_id, re.url, re.permission, re.icon, re.external, re.`available`, node.id AS node_id, node.`name` AS node_name, node.`type` AS node_type, node.`url` AS node_url, node.parent_id AS node_parent_id, node.`permission` AS node_permission, node.`available` AS node_available, node.`external` AS node_external, node.icon AS node_icon FROM sys_menu re LEFT JOIN sys_role_menu rr ON re.id = rr.menu_id LEFT JOIN sys_user_role ur ON rr.role_id = ur.role_id LEFT JOIN sys_menu node ON node.parent_id = re.id AND node.available = 1 WHERE (re.parent_id = 0 OR re.parent_id IS NULL ) AND re.available = 1 AND ur.user_id = ? AND re.type= ? ORDER BY re.sort ASC, node.sort ASC 
2020-01-25 19:00:07.742 DEBUG 16040 --- [http-nio-8087-exec-1] c.b.b.c.m.SysMenuMapper.listUserMenu     : ==> Parameters: 1(Integer), menu(String)
2020-01-25 19:00:07.774 DEBUG 16040 --- [http-nio-8087-exec-1] c.b.b.c.m.SysMenuMapper.listUserMenu     : <==      Total: 4
2020-01-25 19:00:08.025 DEBUG 16040 --- [http-nio-8087-exec-2] b.b.c.m.S.findPageBreakByCondition_COUNT : ==>  Preparing: SELECT count(0) FROM sys_role com WHERE 1 = 1 
2020-01-25 19:00:08.026 DEBUG 16040 --- [http-nio-8087-exec-2] b.b.c.m.S.findPageBreakByCondition_COUNT : ==> Parameters: 
2020-01-25 19:00:08.028 DEBUG 16040 --- [http-nio-8087-exec-2] b.b.c.m.S.findPageBreakByCondition_COUNT : <==      Total: 1
2020-01-25 19:00:08.032 DEBUG 16040 --- [http-nio-8087-exec-2] c.b.b.c.m.S.findPageBreakByCondition     : ==>  Preparing: SELECT com.* FROM sys_role com WHERE 1 = 1 ORDER BY com.create_time DESC LIMIT ? 
2020-01-25 19:00:08.032 DEBUG 16040 --- [http-nio-8087-exec-2] c.b.b.c.m.S.findPageBreakByCondition     : ==> Parameters: 10(Integer)
2020-01-25 19:00:08.035 DEBUG 16040 --- [http-nio-8087-exec-2] c.b.b.c.m.S.findPageBreakByCondition     : <==      Total: 2
2020-01-25 19:00:10.539 DEBUG 16040 --- [http-nio-8087-exec-3] c.b.b.c.mapper.SysRoleMapper.selectById  : ==>  Preparing: SELECT id,name,description,available,selected,create_time,update_time FROM sys_role WHERE id=? 
2020-01-25 19:00:10.540 DEBUG 16040 --- [http-nio-8087-exec-3] c.b.b.c.mapper.SysRoleMapper.selectById  : ==> Parameters: 1(Long)
2020-01-25 19:00:10.687 ERROR 16040 --- [http-nio-8087-exec-3] o.a.c.c.C.[.[.[/].[dispatcherServlet]    : Servlet.service() for servlet [dispatcherServlet] in context with path [] threw exception [Request processing failed; nested exception is org.springframework.jdbc.BadSqlGrammarException: 
### Error querying database.  Cause: java.sql.SQLSyntaxErrorException: Unknown column 'selected' in 'field list'
### The error may exist in com/blackcat/blog/core/mapper/SysRoleMapper.java (best guess)
### The error may involve defaultParameterMap
### The error occurred while setting parameters
### SQL: SELECT id,name,description,available,selected,create_time,update_time FROM sys_role WHERE id=?
### Cause: java.sql.SQLSyntaxErrorException: Unknown column 'selected' in 'field list'
; bad SQL grammar []; nested exception is java.sql.SQLSyntaxErrorException: Unknown column 'selected' in 'field list'] with root cause

java.sql.SQLSyntaxErrorException: Unknown column 'selected' in 'field list'
	at com.mysql.cj.jdbc.exceptions.SQLError.createSQLException(SQLError.java:120)
	at com.mysql.cj.jdbc.exceptions.SQLError.createSQLException(SQLError.java:97)
	at com.mysql.cj.jdbc.exceptions.SQLExceptionsMapping.translateException(SQLExceptionsMapping.java:122)
	at com.mysql.cj.jdbc.ClientPreparedStatement.executeInternal(ClientPreparedStatement.java:953)
	at com.mysql.cj.jdbc.ClientPreparedStatement.execute(ClientPreparedStatement.java:370)
	at com.alibaba.druid.pool.DruidPooledPreparedStatement.execute(DruidPooledPreparedStatement.java:498)
	at sun.reflect.NativeMethodAccessorImpl.invoke0(Native Method)
	at sun.reflect.NativeMethodAccessorImpl.invoke(NativeMethodAccessorImpl.java:62)
	at sun.reflect.DelegatingMethodAccessorImpl.invoke(DelegatingMethodAccessorImpl.java:43)
	at java.lang.reflect.Method.invoke(Method.java:498)
	at org.apache.ibatis.logging.jdbc.PreparedStatementLogger.invoke(PreparedStatementLogger.java:59)
	at com.sun.proxy.$Proxy101.execute(Unknown Source)
	at org.apache.ibatis.executor.statement.PreparedStatementHandler.query(PreparedStatementHandler.java:64)
	at org.apache.ibatis.executor.statement.RoutingStatementHandler.query(RoutingStatementHandler.java:79)
	at com.baomidou.mybatisplus.core.executor.MybatisSimpleExecutor.doQuery(MybatisSimpleExecutor.java:67)
	at org.apache.ibatis.executor.BaseExecutor.queryFromDatabase(BaseExecutor.java:324)
	at org.apache.ibatis.executor.BaseExecutor.query(BaseExecutor.java:156)
	at com.baomidou.mybatisplus.core.executor.MybatisCachingExecutor.query(MybatisCachingExecutor.java:155)
	at com.github.pagehelper.PageInterceptor.intercept(PageInterceptor.java:108)
	at org.apache.ibatis.plugin.Plugin.invoke(Plugin.java:61)
	at com.sun.proxy.$Proxy99.query(Unknown Source)
	at org.apache.ibatis.session.defaults.DefaultSqlSession.selectList(DefaultSqlSession.java:147)
	at org.apache.ibatis.session.defaults.DefaultSqlSession.selectList(DefaultSqlSession.java:140)
	at org.apache.ibatis.session.defaults.DefaultSqlSession.selectOne(DefaultSqlSession.java:76)
	at sun.reflect.NativeMethodAccessorImpl.invoke0(Native Method)
	at sun.reflect.NativeMethodAccessorImpl.invoke(NativeMethodAccessorImpl.java:62)
	at sun.reflect.DelegatingMethodAccessorImpl.invoke(DelegatingMethodAccessorImpl.java:43)
	at java.lang.reflect.Method.invoke(Method.java:498)
	at org.mybatis.spring.SqlSessionTemplate$SqlSessionInterceptor.invoke(SqlSessionTemplate.java:433)
	at com.sun.proxy.$Proxy76.selectOne(Unknown Source)
	at org.mybatis.spring.SqlSessionTemplate.selectOne(SqlSessionTemplate.java:166)
	at com.baomidou.mybatisplus.core.override.MybatisMapperMethod.execute(MybatisMapperMethod.java:108)
	at com.baomidou.mybatisplus.core.override.MybatisMapperProxy.invoke(MybatisMapperProxy.java:96)
	at com.sun.proxy.$Proxy81.selectById(Unknown Source)
	at com.blackcat.blog.core.service.impl.SysRoleServiceImpl.getByPrimaryKey(SysRoleServiceImpl.java:106)
	at com.blackcat.blog.core.service.impl.SysRoleServiceImpl.getByPrimaryKey(SysRoleServiceImpl.java:23)
	at com.blackcat.blog.controller.SysRoleController.get(SysRoleController.java:86)
	at sun.reflect.NativeMethodAccessorImpl.invoke0(Native Method)
	at sun.reflect.NativeMethodAccessorImpl.invoke(NativeMethodAccessorImpl.java:62)
	at sun.reflect.DelegatingMethodAccessorImpl.invoke(DelegatingMethodAccessorImpl.java:43)
	at java.lang.reflect.Method.invoke(Method.java:498)
	at org.springframework.web.method.support.InvocableHandlerMethod.doInvoke(InvocableHandlerMethod.java:190)
	at org.springframework.web.method.support.InvocableHandlerMethod.invokeForRequest(InvocableHandlerMethod.java:138)
	at org.springframework.web.servlet.mvc.method.annotation.ServletInvocableHandlerMethod.invokeAndHandle(ServletInvocableHandlerMethod.java:106)
	at org.springframework.web.servlet.mvc.method.annotation.RequestMappingHandlerAdapter.invokeHandlerMethod(RequestMappingHandlerAdapter.java:888)
	at org.springframework.web.servlet.mvc.method.annotation.RequestMappingHandlerAdapter.handleInternal(RequestMappingHandlerAdapter.java:793)
	at org.springframework.web.servlet.mvc.method.AbstractHandlerMethodAdapter.handle(AbstractHandlerMethodAdapter.java:87)
	at org.springframework.web.servlet.DispatcherServlet.doDispatch(DispatcherServlet.java:1040)
	at org.springframework.web.servlet.DispatcherServlet.doService(DispatcherServlet.java:943)
	at org.springframework.web.servlet.FrameworkServlet.processRequest(FrameworkServlet.java:1006)
	at org.springframework.web.servlet.FrameworkServlet.doPost(FrameworkServlet.java:909)
	at javax.servlet.http.HttpServlet.service(HttpServlet.java:660)
	at org.springframework.web.servlet.FrameworkServlet.service(FrameworkServlet.java:883)
	at javax.servlet.http.HttpServlet.service(HttpServlet.java:741)
	at org.apache.catalina.core.ApplicationFilterChain.internalDoFilter(ApplicationFilterChain.java:231)
	at org.apache.catalina.core.ApplicationFilterChain.doFilter(ApplicationFilterChain.java:166)
	at org.apache.tomcat.websocket.server.WsFilter.doFilter(WsFilter.java:53)
	at org.apache.catalina.core.ApplicationFilterChain.internalDoFilter(ApplicationFilterChain.java:193)
	at org.apache.catalina.core.ApplicationFilterChain.doFilter(ApplicationFilterChain.java:166)
	at org.springframework.web.servlet.resource.ResourceUrlEncodingFilter.doFilter(ResourceUrlEncodingFilter.java:64)
	at org.apache.catalina.core.ApplicationFilterChain.internalDoFilter(ApplicationFilterChain.java:193)
	at org.apache.catalina.core.ApplicationFilterChain.doFilter(ApplicationFilterChain.java:166)
	at org.springframework.web.filter.RequestContextFilter.doFilterInternal(RequestContextFilter.java:100)
	at org.springframework.web.filter.OncePerRequestFilter.doFilter(OncePerRequestFilter.java:119)
	at org.apache.catalina.core.ApplicationFilterChain.internalDoFilter(ApplicationFilterChain.java:193)
	at org.apache.catalina.core.ApplicationFilterChain.doFilter(ApplicationFilterChain.java:166)
	at org.springframework.web.filter.FormContentFilter.doFilterInternal(FormContentFilter.java:93)
	at org.springframework.web.filter.OncePerRequestFilter.doFilter(OncePerRequestFilter.java:119)
	at org.apache.catalina.core.ApplicationFilterChain.internalDoFilter(ApplicationFilterChain.java:193)
	at org.apache.catalina.core.ApplicationFilterChain.doFilter(ApplicationFilterChain.java:166)
	at org.springframework.web.filter.CharacterEncodingFilter.doFilterInternal(CharacterEncodingFilter.java:201)
	at org.springframework.web.filter.OncePerRequestFilter.doFilter(OncePerRequestFilter.java:119)
	at org.apache.catalina.core.ApplicationFilterChain.internalDoFilter(ApplicationFilterChain.java:193)
	at org.apache.catalina.core.ApplicationFilterChain.doFilter(ApplicationFilterChain.java:166)
	at org.apache.catalina.core.StandardWrapperValve.invoke(StandardWrapperValve.java:202)
	at org.apache.catalina.core.StandardContextValve.invoke(StandardContextValve.java:96)
	at org.apache.catalina.authenticator.AuthenticatorBase.invoke(AuthenticatorBase.java:526)
	at org.apache.catalina.core.StandardHostValve.invoke(StandardHostValve.java:139)
	at org.apache.catalina.valves.ErrorReportValve.invoke(ErrorReportValve.java:92)
	at org.apache.catalina.core.StandardEngineValve.invoke(StandardEngineValve.java:74)
	at org.apache.catalina.valves.RemoteIpValve.invoke(RemoteIpValve.java:747)
	at org.apache.catalina.connector.CoyoteAdapter.service(CoyoteAdapter.java:343)
	at org.apache.coyote.http11.Http11Processor.service(Http11Processor.java:367)
	at org.apache.coyote.AbstractProcessorLight.process(AbstractProcessorLight.java:65)
	at org.apache.coyote.AbstractProtocol$ConnectionHandler.process(AbstractProtocol.java:860)
	at org.apache.tomcat.util.net.NioEndpoint$SocketProcessor.doRun(NioEndpoint.java:1591)
	at org.apache.tomcat.util.net.SocketProcessorBase.run(SocketProcessorBase.java:49)
	at java.util.concurrent.ThreadPoolExecutor.runWorker(ThreadPoolExecutor.java:1142)
	at java.util.concurrent.ThreadPoolExecutor$Worker.run(ThreadPoolExecutor.java:617)
	at org.apache.tomcat.util.threads.TaskThread$WrappingRunnable.run(TaskThread.java:61)
	at java.lang.Thread.run(Thread.java:745)

2020-01-25 19:00:51.969  INFO 16040 --- [SpringContextShutdownHook] org.quartz.core.QuartzScheduler          : Scheduler quartzScheduler_$_NON_CLUSTERED paused.
2020-01-25 19:00:51.971  INFO 16040 --- [SpringContextShutdownHook] o.s.i.endpoint.EventDrivenConsumer       : Removing {logging-channel-adapter:_org.springframework.integration.errorLogger} as a subscriber to the 'errorChannel' channel
2020-01-25 19:00:51.972  INFO 16040 --- [SpringContextShutdownHook] o.s.i.channel.PublishSubscribeChannel    : Channel 'blog.errorChannel' has 0 subscriber(s).
2020-01-25 19:00:51.973  INFO 16040 --- [SpringContextShutdownHook] o.s.i.endpoint.EventDrivenConsumer       : stopped bean '_org.springframework.integration.errorLogger'
2020-01-25 19:00:51.975  INFO 16040 --- [SpringContextShutdownHook] o.s.s.c.ThreadPoolTaskScheduler          : Shutting down ExecutorService 'taskScheduler'
2020-01-25 19:00:51.977  INFO 16040 --- [SpringContextShutdownHook] o.s.s.quartz.SchedulerFactoryBean        : Shutting down Quartz Scheduler
2020-01-25 19:00:51.977  INFO 16040 --- [SpringContextShutdownHook] org.quartz.core.QuartzScheduler          : Scheduler quartzScheduler_$_NON_CLUSTERED shutting down.
2020-01-25 19:00:51.978  INFO 16040 --- [SpringContextShutdownHook] org.quartz.core.QuartzScheduler          : Scheduler quartzScheduler_$_NON_CLUSTERED paused.
2020-01-25 19:00:51.991  INFO 16040 --- [SpringContextShutdownHook] org.quartz.core.QuartzScheduler          : Scheduler quartzScheduler_$_NON_CLUSTERED shutdown complete.
2020-01-25 19:00:52.018  INFO 16040 --- [SpringContextShutdownHook] o.s.s.concurrent.ThreadPoolTaskExecutor  : Shutting down ExecutorService 'applicationTaskExecutor'
2020-01-25 19:00:52.024  INFO 16040 --- [SpringContextShutdownHook] com.alibaba.druid.pool.DruidDataSource   : {dataSource-1} closed
2020-01-25 19:00:59.061  INFO 23324 --- [main] com.blackcat.blog.BlogBaseApplication    : Starting BlogBaseApplication on DESKTOP-7OHM8U2 with PID 23324 (D:\project\blackcat-blog-web\blog-base\target\classes started by kylin in D:\project\blackcat-blog-web)
2020-01-25 19:00:59.064  INFO 23324 --- [main] com.blackcat.blog.BlogBaseApplication    : No active profile set, falling back to default profiles: default
2020-01-25 19:00:59.972  INFO 23324 --- [main] .s.d.r.c.RepositoryConfigurationDelegate : Multiple Spring Data modules found, entering strict repository configuration mode!
2020-01-25 19:00:59.976  INFO 23324 --- [main] .s.d.r.c.RepositoryConfigurationDelegate : Bootstrapping Spring Data Redis repositories in DEFAULT mode.
2020-01-25 19:01:00.036  INFO 23324 --- [main] .s.d.r.c.RepositoryConfigurationDelegate : Finished Spring Data repository scanning in 41ms. Found 0 Redis repository interfaces.
2020-01-25 19:01:00.393  INFO 23324 --- [main] faultConfiguringBeanFactoryPostProcessor : No bean named 'errorChannel' has been explicitly defined. Therefore, a default PublishSubscribeChannel will be created.
2020-01-25 19:01:00.406  INFO 23324 --- [main] faultConfiguringBeanFactoryPostProcessor : No bean named 'taskScheduler' has been explicitly defined. Therefore, a default ThreadPoolTaskScheduler will be created.
2020-01-25 19:01:00.412  INFO 23324 --- [main] faultConfiguringBeanFactoryPostProcessor : No bean named 'integrationHeaderChannelRegistry' has been explicitly defined. Therefore, a default DefaultHeaderChannelRegistry will be created.
2020-01-25 19:01:00.528  INFO 23324 --- [main] trationDelegate$BeanPostProcessorChecker : Bean 'org.springframework.transaction.annotation.ProxyTransactionManagementConfiguration' of type [org.springframework.transaction.annotation.ProxyTransactionManagementConfiguration] is not eligible for getting processed by all BeanPostProcessors (for example: not eligible for auto-proxying)
2020-01-25 19:01:00.560  INFO 23324 --- [main] trationDelegate$BeanPostProcessorChecker : Bean 'org.springframework.integration.config.IntegrationManagementConfiguration' of type [org.springframework.integration.config.IntegrationManagementConfiguration] is not eligible for getting processed by all BeanPostProcessors (for example: not eligible for auto-proxying)
2020-01-25 19:01:00.570  INFO 23324 --- [main] trationDelegate$BeanPostProcessorChecker : Bean 'integrationChannelResolver' of type [org.springframework.integration.support.channel.BeanFactoryChannelResolver] is not eligible for getting processed by all BeanPostProcessors (for example: not eligible for auto-proxying)
2020-01-25 19:01:00.573  INFO 23324 --- [main] trationDelegate$BeanPostProcessorChecker : Bean 'integrationDisposableAutoCreatedBeans' of type [org.springframework.integration.config.annotation.Disposables] is not eligible for getting processed by all BeanPostProcessors (for example: not eligible for auto-proxying)
2020-01-25 19:01:00.906  INFO 23324 --- [main] o.s.b.w.embedded.tomcat.TomcatWebServer  : Tomcat initialized with port(s): 8087 (http)
2020-01-25 19:01:00.919  INFO 23324 --- [main] o.apache.catalina.core.StandardService   : Starting service [Tomcat]
2020-01-25 19:01:00.919  INFO 23324 --- [main] org.apache.catalina.core.StandardEngine  : Starting Servlet engine: [Apache Tomcat/9.0.29]
2020-01-25 19:01:00.921  INFO 23324 --- [main] o.a.catalina.core.AprLifecycleListener   : An older version [1.2.14] of the APR based Apache Tomcat Native library is installed, while Tomcat recommends a minimum version of [1.2.23]
2020-01-25 19:01:00.921  INFO 23324 --- [main] o.a.catalina.core.AprLifecycleListener   : Loaded APR based Apache Tomcat Native library [1.2.14] using APR version [1.6.2].
2020-01-25 19:01:00.921  INFO 23324 --- [main] o.a.catalina.core.AprLifecycleListener   : APR capabilities: IPv6 [true], sendfile [true], accept filters [false], random [true].
2020-01-25 19:01:00.922  INFO 23324 --- [main] o.a.catalina.core.AprLifecycleListener   : APR/OpenSSL configuration: useAprConnector [false], useOpenSSL [true]
2020-01-25 19:01:02.026  INFO 23324 --- [main] o.a.catalina.core.AprLifecycleListener   : OpenSSL successfully initialized [OpenSSL 1.0.2l  25 May 2017]
2020-01-25 19:01:02.162  INFO 23324 --- [main] o.a.c.c.C.[Tomcat].[localhost].[/]       : Initializing Spring embedded WebApplicationContext
2020-01-25 19:01:02.162  INFO 23324 --- [main] o.s.web.context.ContextLoader            : Root WebApplicationContext: initialization completed in 3013 ms
2020-01-25 19:01:04.379  INFO 23324 --- [main] o.s.s.concurrent.ThreadPoolTaskExecutor  : Initializing ExecutorService 'applicationTaskExecutor'
2020-01-25 19:01:04.483  INFO 23324 --- [main] o.s.b.a.w.s.WelcomePageHandlerMapping    : Adding welcome page template: index
2020-01-25 19:01:05.112  INFO 23324 --- [main] org.quartz.impl.StdSchedulerFactory      : Using default implementation for ThreadExecutor
2020-01-25 19:01:05.126  INFO 23324 --- [main] org.quartz.core.SchedulerSignalerImpl    : Initialized Scheduler Signaller of type: class org.quartz.core.SchedulerSignalerImpl
2020-01-25 19:01:05.126  INFO 23324 --- [main] org.quartz.core.QuartzScheduler          : Quartz Scheduler v.2.3.2 created.
2020-01-25 19:01:05.127  INFO 23324 --- [main] org.quartz.simpl.RAMJobStore             : RAMJobStore initialized.
2020-01-25 19:01:05.128  INFO 23324 --- [main] org.quartz.core.QuartzScheduler          : Scheduler meta-data: Quartz Scheduler (v2.3.2) 'quartzScheduler' with instanceId 'NON_CLUSTERED'
  Scheduler class: 'org.quartz.core.QuartzScheduler' - running locally.
  NOT STARTED.
  Currently in standby mode.
  Number of jobs executed: 0
  Using thread pool 'org.quartz.simpl.SimpleThreadPool' - with 10 threads.
  Using job-store 'org.quartz.simpl.RAMJobStore' - which does not support persistence. and is not clustered.

2020-01-25 19:01:05.129  INFO 23324 --- [main] org.quartz.impl.StdSchedulerFactory      : Quartz scheduler 'quartzScheduler' initialized from an externally provided properties instance.
2020-01-25 19:01:05.129  INFO 23324 --- [main] org.quartz.impl.StdSchedulerFactory      : Quartz scheduler version: 2.3.2
2020-01-25 19:01:05.129  INFO 23324 --- [main] org.quartz.core.QuartzScheduler          : JobFactory set to: org.springframework.scheduling.quartz.SpringBeanJobFactory@c4cceb
2020-01-25 19:01:05.259  INFO 23324 --- [main] o.s.s.c.ThreadPoolTaskScheduler          : Initializing ExecutorService 'taskScheduler'
2020-01-25 19:01:05.333  INFO 23324 --- [main] o.s.i.endpoint.EventDrivenConsumer       : Adding {logging-channel-adapter:_org.springframework.integration.errorLogger} as a subscriber to the 'errorChannel' channel
2020-01-25 19:01:05.334  INFO 23324 --- [main] o.s.i.channel.PublishSubscribeChannel    : Channel 'blog.errorChannel' has 1 subscriber(s).
2020-01-25 19:01:05.334  INFO 23324 --- [main] o.s.i.endpoint.EventDrivenConsumer       : started bean '_org.springframework.integration.errorLogger'
2020-01-25 19:01:05.334  INFO 23324 --- [main] o.s.s.quartz.SchedulerFactoryBean        : Starting Quartz Scheduler now
2020-01-25 19:01:05.334  INFO 23324 --- [main] org.quartz.core.QuartzScheduler          : Scheduler quartzScheduler_$_NON_CLUSTERED started.
2020-01-25 19:01:05.374  INFO 23324 --- [main] o.s.b.w.embedded.tomcat.TomcatWebServer  : Tomcat started on port(s): 8087 (http) with context path ''
2020-01-25 19:01:05.378  INFO 23324 --- [main] com.blackcat.blog.BlogBaseApplication    : Started BlogBaseApplication in 6.987 seconds (JVM running for 8.944)
2020-01-25 19:01:10.050  INFO 23324 --- [http-nio-8087-exec-2] o.a.c.c.C.[Tomcat].[localhost].[/]       : Initializing Spring DispatcherServlet 'dispatcherServlet'
2020-01-25 19:01:10.050  INFO 23324 --- [http-nio-8087-exec-2] o.s.web.servlet.DispatcherServlet        : Initializing Servlet 'dispatcherServlet'
2020-01-25 19:01:10.060  INFO 23324 --- [http-nio-8087-exec-2] o.s.web.servlet.DispatcherServlet        : Completed initialization in 10 ms
2020-01-25 19:01:10.388  INFO 23324 --- [http-nio-8087-exec-2] com.alibaba.druid.pool.DruidDataSource   : {dataSource-1} inited
2020-01-25 19:01:10.525 DEBUG 23324 --- [http-nio-8087-exec-2] c.b.b.c.m.SysMenuMapper.listUserMenu     : ==>  Preparing: SELECT re.id, re.`name`, re.parent_id, re.url, re.permission, re.icon, re.external, re.`available`, node.id AS node_id, node.`name` AS node_name, node.`type` AS node_type, node.`url` AS node_url, node.parent_id AS node_parent_id, node.`permission` AS node_permission, node.`available` AS node_available, node.`external` AS node_external, node.icon AS node_icon FROM sys_menu re LEFT JOIN sys_role_menu rr ON re.id = rr.menu_id LEFT JOIN sys_user_role ur ON rr.role_id = ur.role_id LEFT JOIN sys_menu node ON node.parent_id = re.id AND node.available = 1 WHERE (re.parent_id = 0 OR re.parent_id IS NULL ) AND re.available = 1 AND ur.user_id = ? AND re.type= ? ORDER BY re.sort ASC, node.sort ASC 
2020-01-25 19:01:10.547 DEBUG 23324 --- [http-nio-8087-exec-2] c.b.b.c.m.SysMenuMapper.listUserMenu     : ==> Parameters: 1(Integer), menu(String)
2020-01-25 19:01:10.577 DEBUG 23324 --- [http-nio-8087-exec-2] c.b.b.c.m.SysMenuMapper.listUserMenu     : <==      Total: 4
2020-01-25 19:01:11.139 DEBUG 23324 --- [http-nio-8087-exec-1] b.b.c.m.S.findPageBreakByCondition_COUNT : ==>  Preparing: SELECT count(0) FROM sys_role com WHERE 1 = 1 
2020-01-25 19:01:11.139 DEBUG 23324 --- [http-nio-8087-exec-1] b.b.c.m.S.findPageBreakByCondition_COUNT : ==> Parameters: 
2020-01-25 19:01:11.142 DEBUG 23324 --- [http-nio-8087-exec-1] b.b.c.m.S.findPageBreakByCondition_COUNT : <==      Total: 1
2020-01-25 19:01:11.144 DEBUG 23324 --- [http-nio-8087-exec-1] c.b.b.c.m.S.findPageBreakByCondition     : ==>  Preparing: SELECT com.* FROM sys_role com WHERE 1 = 1 ORDER BY com.create_time DESC LIMIT ? 
2020-01-25 19:01:11.145 DEBUG 23324 --- [http-nio-8087-exec-1] c.b.b.c.m.S.findPageBreakByCondition     : ==> Parameters: 10(Integer)
2020-01-25 19:01:11.148 DEBUG 23324 --- [http-nio-8087-exec-1] c.b.b.c.m.S.findPageBreakByCondition     : <==      Total: 2
2020-01-25 19:01:12.303 DEBUG 23324 --- [http-nio-8087-exec-3] c.b.b.c.mapper.SysRoleMapper.selectById  : ==>  Preparing: SELECT id,name,description,available,create_time,update_time FROM sys_role WHERE id=? 
2020-01-25 19:01:12.303 DEBUG 23324 --- [http-nio-8087-exec-3] c.b.b.c.mapper.SysRoleMapper.selectById  : ==> Parameters: 2(Long)
2020-01-25 19:01:12.306 DEBUG 23324 --- [http-nio-8087-exec-3] c.b.b.c.mapper.SysRoleMapper.selectById  : <==      Total: 1
2020-01-25 19:01:28.036 DEBUG 23324 --- [http-nio-8087-exec-9] c.b.b.c.m.SysMenuMapper.listUserMenu     : ==>  Preparing: SELECT re.id, re.`name`, re.parent_id, re.url, re.permission, re.icon, re.external, re.`available`, node.id AS node_id, node.`name` AS node_name, node.`type` AS node_type, node.`url` AS node_url, node.parent_id AS node_parent_id, node.`permission` AS node_permission, node.`available` AS node_available, node.`external` AS node_external, node.icon AS node_icon FROM sys_menu re LEFT JOIN sys_role_menu rr ON re.id = rr.menu_id LEFT JOIN sys_user_role ur ON rr.role_id = ur.role_id LEFT JOIN sys_menu node ON node.parent_id = re.id AND node.available = 1 WHERE (re.parent_id = 0 OR re.parent_id IS NULL ) AND re.available = 1 AND ur.user_id = ? AND re.type= ? ORDER BY re.sort ASC, node.sort ASC 
2020-01-25 19:01:28.037 DEBUG 23324 --- [http-nio-8087-exec-9] c.b.b.c.m.SysMenuMapper.listUserMenu     : ==> Parameters: 1(Integer), menu(String)
2020-01-25 19:01:28.044 DEBUG 23324 --- [http-nio-8087-exec-9] c.b.b.c.m.SysMenuMapper.listUserMenu     : <==      Total: 4
2020-01-25 19:01:28.051 DEBUG 23324 --- [http-nio-8087-exec-9] c.b.b.c.m.S.listAllAvailableMenu         : ==>  Preparing: SELECT r.id, r.`name`, node.id AS node_id, node.`name` AS node_name, node.parent_id FROM sys_menu r LEFT JOIN sys_menu node ON ( node.parent_id = r.id AND node.available = 1 AND node.type = 'menu' ) WHERE r.available = 1 AND r.type = 'menu' AND (r.url IS NULL OR r.url = '') AND (r.permission IS NULL OR r.permission = '') ORDER BY r.sort ASC, node.sort ASC 
2020-01-25 19:01:28.051 DEBUG 23324 --- [http-nio-8087-exec-9] c.b.b.c.m.S.listAllAvailableMenu         : ==> Parameters: 
2020-01-25 19:01:28.055 DEBUG 23324 --- [http-nio-8087-exec-9] c.b.b.c.m.S.listAllAvailableMenu         : <==      Total: 4
2020-01-25 19:01:28.243 DEBUG 23324 --- [http-nio-8087-exec-10] b.b.c.m.S.findPageBreakByCondition_COUNT : ==>  Preparing: SELECT count(0) FROM sys_Menu com LEFT JOIN sys_Menu f ON com.parent_id = f.id WHERE 1 = 1 
2020-01-25 19:01:28.244 DEBUG 23324 --- [http-nio-8087-exec-10] b.b.c.m.S.findPageBreakByCondition_COUNT : ==> Parameters: 
2020-01-25 19:01:28.247 DEBUG 23324 --- [http-nio-8087-exec-10] b.b.c.m.S.findPageBreakByCondition_COUNT : <==      Total: 1
2020-01-25 19:01:28.248 DEBUG 23324 --- [http-nio-8087-exec-10] c.b.b.c.m.S.findPageBreakByCondition     : ==>  Preparing: SELECT com.*, f.id parent_id, f.`name` parent_name, f.`icon` parent_icon, f.type parent_type FROM sys_Menu com LEFT JOIN sys_Menu f ON com.parent_id = f.id WHERE 1 = 1 ORDER by com.parent_id ASC, com.name DESC LIMIT ? 
2020-01-25 19:01:28.248 DEBUG 23324 --- [http-nio-8087-exec-10] c.b.b.c.m.S.findPageBreakByCondition     : ==> Parameters: 10(Integer)
2020-01-25 19:01:28.260 DEBUG 23324 --- [http-nio-8087-exec-10] c.b.b.c.m.S.findPageBreakByCondition     : <==      Total: 10
2020-01-25 19:01:31.741 DEBUG 23324 --- [http-nio-8087-exec-2] c.b.b.c.m.SysMenuMapper.listUserMenu     : ==>  Preparing: SELECT re.id, re.`name`, re.parent_id, re.url, re.permission, re.icon, re.external, re.`available`, node.id AS node_id, node.`name` AS node_name, node.`type` AS node_type, node.`url` AS node_url, node.parent_id AS node_parent_id, node.`permission` AS node_permission, node.`available` AS node_available, node.`external` AS node_external, node.icon AS node_icon FROM sys_menu re LEFT JOIN sys_role_menu rr ON re.id = rr.menu_id LEFT JOIN sys_user_role ur ON rr.role_id = ur.role_id LEFT JOIN sys_menu node ON node.parent_id = re.id AND node.available = 1 WHERE (re.parent_id = 0 OR re.parent_id IS NULL ) AND re.available = 1 AND ur.user_id = ? AND re.type= ? ORDER BY re.sort ASC, node.sort ASC 
2020-01-25 19:01:31.742 DEBUG 23324 --- [http-nio-8087-exec-2] c.b.b.c.m.SysMenuMapper.listUserMenu     : ==> Parameters: 1(Integer), menu(String)
2020-01-25 19:01:31.748 DEBUG 23324 --- [http-nio-8087-exec-2] c.b.b.c.m.SysMenuMapper.listUserMenu     : <==      Total: 4
2020-01-25 19:01:31.914 DEBUG 23324 --- [http-nio-8087-exec-1] b.b.c.m.S.findPageBreakByCondition_COUNT : ==>  Preparing: SELECT count(0) FROM (SELECT s.* FROM sys_user s WHERE 1 = 1 GROUP BY s.id) table_count 
2020-01-25 19:01:31.915 DEBUG 23324 --- [http-nio-8087-exec-1] b.b.c.m.S.findPageBreakByCondition_COUNT : ==> Parameters: 
2020-01-25 19:01:31.917 DEBUG 23324 --- [http-nio-8087-exec-1] b.b.c.m.S.findPageBreakByCondition_COUNT : <==      Total: 1
2020-01-25 19:01:31.918 DEBUG 23324 --- [http-nio-8087-exec-1] c.b.b.c.m.S.findPageBreakByCondition     : ==>  Preparing: SELECT s.* FROM sys_user s WHERE 1 = 1 GROUP BY s.id ORDER BY s.create_time DESC LIMIT ? 
2020-01-25 19:01:31.919 DEBUG 23324 --- [http-nio-8087-exec-1] c.b.b.c.m.S.findPageBreakByCondition     : ==> Parameters: 10(Integer)
2020-01-25 19:01:31.921 DEBUG 23324 --- [http-nio-8087-exec-1] c.b.b.c.m.S.findPageBreakByCondition     : <==      Total: 2
2020-01-25 19:01:33.584 DEBUG 23324 --- [http-nio-8087-exec-3] c.b.b.c.m.S.queryRoleListWithSelected    : ==>  Preparing: SELECT r.id, r.name, r.description, ( CASE WHEN ( SELECT ur.role_id FROM sys_user_role ur WHERE ur.user_id = ? AND ur.role_id = r.id ) THEN 1 ELSE 0 END ) AS selected FROM sys_role r WHERE r.available = 1 
2020-01-25 19:01:33.585 DEBUG 23324 --- [http-nio-8087-exec-3] c.b.b.c.m.S.queryRoleListWithSelected    : ==> Parameters: 2(Integer)
2020-01-25 19:01:33.748 DEBUG 23324 --- [http-nio-8087-exec-3] c.b.b.c.m.S.queryRoleListWithSelected    : <==      Total: 2
2020-01-25 19:01:44.798 DEBUG 23324 --- [http-nio-8087-exec-5] c.b.b.c.m.SysMenuMapper.listUserMenu     : ==>  Preparing: SELECT re.id, re.`name`, re.parent_id, re.url, re.permission, re.icon, re.external, re.`available`, node.id AS node_id, node.`name` AS node_name, node.`type` AS node_type, node.`url` AS node_url, node.parent_id AS node_parent_id, node.`permission` AS node_permission, node.`available` AS node_available, node.`external` AS node_external, node.icon AS node_icon FROM sys_menu re LEFT JOIN sys_role_menu rr ON re.id = rr.menu_id LEFT JOIN sys_user_role ur ON rr.role_id = ur.role_id LEFT JOIN sys_menu node ON node.parent_id = re.id AND node.available = 1 WHERE (re.parent_id = 0 OR re.parent_id IS NULL ) AND re.available = 1 AND ur.user_id = ? AND re.type= ? ORDER BY re.sort ASC, node.sort ASC 
2020-01-25 19:01:44.799 DEBUG 23324 --- [http-nio-8087-exec-5] c.b.b.c.m.SysMenuMapper.listUserMenu     : ==> Parameters: 1(Integer), menu(String)
2020-01-25 19:01:44.803 DEBUG 23324 --- [http-nio-8087-exec-5] c.b.b.c.m.SysMenuMapper.listUserMenu     : <==      Total: 4
2020-01-25 19:01:44.808 DEBUG 23324 --- [http-nio-8087-exec-5] c.b.b.c.m.S.listAllAvailableMenu         : ==>  Preparing: SELECT r.id, r.`name`, node.id AS node_id, node.`name` AS node_name, node.parent_id FROM sys_menu r LEFT JOIN sys_menu node ON ( node.parent_id = r.id AND node.available = 1 AND node.type = 'menu' ) WHERE r.available = 1 AND r.type = 'menu' AND (r.url IS NULL OR r.url = '') AND (r.permission IS NULL OR r.permission = '') ORDER BY r.sort ASC, node.sort ASC 
2020-01-25 19:01:44.809 DEBUG 23324 --- [http-nio-8087-exec-5] c.b.b.c.m.S.listAllAvailableMenu         : ==> Parameters: 
2020-01-25 19:01:44.813 DEBUG 23324 --- [http-nio-8087-exec-5] c.b.b.c.m.S.listAllAvailableMenu         : <==      Total: 4
2020-01-25 19:01:44.976 DEBUG 23324 --- [http-nio-8087-exec-6] b.b.c.m.S.findPageBreakByCondition_COUNT : ==>  Preparing: SELECT count(0) FROM sys_Menu com LEFT JOIN sys_Menu f ON com.parent_id = f.id WHERE 1 = 1 
2020-01-25 19:01:44.977 DEBUG 23324 --- [http-nio-8087-exec-6] b.b.c.m.S.findPageBreakByCondition_COUNT : ==> Parameters: 
2020-01-25 19:01:44.978 DEBUG 23324 --- [http-nio-8087-exec-6] b.b.c.m.S.findPageBreakByCondition_COUNT : <==      Total: 1
2020-01-25 19:01:44.979 DEBUG 23324 --- [http-nio-8087-exec-6] c.b.b.c.m.S.findPageBreakByCondition     : ==>  Preparing: SELECT com.*, f.id parent_id, f.`name` parent_name, f.`icon` parent_icon, f.type parent_type FROM sys_Menu com LEFT JOIN sys_Menu f ON com.parent_id = f.id WHERE 1 = 1 ORDER by com.parent_id ASC, com.name DESC LIMIT ? 
2020-01-25 19:01:44.979 DEBUG 23324 --- [http-nio-8087-exec-6] c.b.b.c.m.S.findPageBreakByCondition     : ==> Parameters: 10(Integer)
2020-01-25 19:01:44.986 DEBUG 23324 --- [http-nio-8087-exec-6] c.b.b.c.m.S.findPageBreakByCondition     : <==      Total: 10
2020-01-25 19:01:53.053 DEBUG 23324 --- [http-nio-8087-exec-7] c.b.b.c.m.SysMenuMapper.listUserMenu     : ==>  Preparing: SELECT re.id, re.`name`, re.parent_id, re.url, re.permission, re.icon, re.external, re.`available`, node.id AS node_id, node.`name` AS node_name, node.`type` AS node_type, node.`url` AS node_url, node.parent_id AS node_parent_id, node.`permission` AS node_permission, node.`available` AS node_available, node.`external` AS node_external, node.icon AS node_icon FROM sys_menu re LEFT JOIN sys_role_menu rr ON re.id = rr.menu_id LEFT JOIN sys_user_role ur ON rr.role_id = ur.role_id LEFT JOIN sys_menu node ON node.parent_id = re.id AND node.available = 1 WHERE (re.parent_id = 0 OR re.parent_id IS NULL ) AND re.available = 1 AND ur.user_id = ? AND re.type= ? ORDER BY re.sort ASC, node.sort ASC 
2020-01-25 19:01:53.053 DEBUG 23324 --- [http-nio-8087-exec-7] c.b.b.c.m.SysMenuMapper.listUserMenu     : ==> Parameters: 1(Integer), menu(String)
2020-01-25 19:01:53.056 DEBUG 23324 --- [http-nio-8087-exec-7] c.b.b.c.m.SysMenuMapper.listUserMenu     : <==      Total: 4
2020-01-25 19:01:53.200 DEBUG 23324 --- [http-nio-8087-exec-8] b.b.c.m.S.findPageBreakByCondition_COUNT : ==>  Preparing: SELECT count(0) FROM sys_role com WHERE 1 = 1 
2020-01-25 19:01:53.200 DEBUG 23324 --- [http-nio-8087-exec-8] b.b.c.m.S.findPageBreakByCondition_COUNT : ==> Parameters: 
2020-01-25 19:01:53.200 DEBUG 23324 --- [http-nio-8087-exec-8] b.b.c.m.S.findPageBreakByCondition_COUNT : <==      Total: 1
2020-01-25 19:01:53.202 DEBUG 23324 --- [http-nio-8087-exec-8] c.b.b.c.m.S.findPageBreakByCondition     : ==>  Preparing: SELECT com.* FROM sys_role com WHERE 1 = 1 ORDER BY com.create_time DESC LIMIT ? 
2020-01-25 19:01:53.202 DEBUG 23324 --- [http-nio-8087-exec-8] c.b.b.c.m.S.findPageBreakByCondition     : ==> Parameters: 10(Integer)
2020-01-25 19:01:53.204 DEBUG 23324 --- [http-nio-8087-exec-8] c.b.b.c.m.S.findPageBreakByCondition     : <==      Total: 2
2020-01-25 19:02:00.390 DEBUG 23324 --- [http-nio-8087-exec-10] c.b.b.c.m.SysMenuMapper.listUserMenu     : ==>  Preparing: SELECT re.id, re.`name`, re.parent_id, re.url, re.permission, re.icon, re.external, re.`available`, node.id AS node_id, node.`name` AS node_name, node.`type` AS node_type, node.`url` AS node_url, node.parent_id AS node_parent_id, node.`permission` AS node_permission, node.`available` AS node_available, node.`external` AS node_external, node.icon AS node_icon FROM sys_menu re LEFT JOIN sys_role_menu rr ON re.id = rr.menu_id LEFT JOIN sys_user_role ur ON rr.role_id = ur.role_id LEFT JOIN sys_menu node ON node.parent_id = re.id AND node.available = 1 WHERE (re.parent_id = 0 OR re.parent_id IS NULL ) AND re.available = 1 AND ur.user_id = ? AND re.type= ? ORDER BY re.sort ASC, node.sort ASC 
2020-01-25 19:02:00.390 DEBUG 23324 --- [http-nio-8087-exec-10] c.b.b.c.m.SysMenuMapper.listUserMenu     : ==> Parameters: 1(Integer), menu(String)
2020-01-25 19:02:00.393 DEBUG 23324 --- [http-nio-8087-exec-10] c.b.b.c.m.SysMenuMapper.listUserMenu     : <==      Total: 4
2020-01-25 19:02:00.398 DEBUG 23324 --- [http-nio-8087-exec-10] c.b.b.c.m.S.listAllAvailableMenu         : ==>  Preparing: SELECT r.id, r.`name`, node.id AS node_id, node.`name` AS node_name, node.parent_id FROM sys_menu r LEFT JOIN sys_menu node ON ( node.parent_id = r.id AND node.available = 1 AND node.type = 'menu' ) WHERE r.available = 1 AND r.type = 'menu' AND (r.url IS NULL OR r.url = '') AND (r.permission IS NULL OR r.permission = '') ORDER BY r.sort ASC, node.sort ASC 
2020-01-25 19:02:00.399 DEBUG 23324 --- [http-nio-8087-exec-10] c.b.b.c.m.S.listAllAvailableMenu         : ==> Parameters: 
2020-01-25 19:02:00.402 DEBUG 23324 --- [http-nio-8087-exec-10] c.b.b.c.m.S.listAllAvailableMenu         : <==      Total: 4
2020-01-25 19:02:00.544 DEBUG 23324 --- [http-nio-8087-exec-2] b.b.c.m.S.findPageBreakByCondition_COUNT : ==>  Preparing: SELECT count(0) FROM sys_Menu com LEFT JOIN sys_Menu f ON com.parent_id = f.id WHERE 1 = 1 
2020-01-25 19:02:00.544 DEBUG 23324 --- [http-nio-8087-exec-2] b.b.c.m.S.findPageBreakByCondition_COUNT : ==> Parameters: 
2020-01-25 19:02:00.545 DEBUG 23324 --- [http-nio-8087-exec-2] b.b.c.m.S.findPageBreakByCondition_COUNT : <==      Total: 1
2020-01-25 19:02:00.546 DEBUG 23324 --- [http-nio-8087-exec-2] c.b.b.c.m.S.findPageBreakByCondition     : ==>  Preparing: SELECT com.*, f.id parent_id, f.`name` parent_name, f.`icon` parent_icon, f.type parent_type FROM sys_Menu com LEFT JOIN sys_Menu f ON com.parent_id = f.id WHERE 1 = 1 ORDER by com.parent_id ASC, com.name DESC LIMIT ? 
2020-01-25 19:02:00.546 DEBUG 23324 --- [http-nio-8087-exec-2] c.b.b.c.m.S.findPageBreakByCondition     : ==> Parameters: 10(Integer)
2020-01-25 19:02:00.549 DEBUG 23324 --- [http-nio-8087-exec-2] c.b.b.c.m.S.findPageBreakByCondition     : <==      Total: 10
2020-01-25 19:02:03.996 DEBUG 23324 --- [http-nio-8087-exec-1] c.b.b.c.m.SysMenuMapper.listUserMenu     : ==>  Preparing: SELECT re.id, re.`name`, re.parent_id, re.url, re.permission, re.icon, re.external, re.`available`, node.id AS node_id, node.`name` AS node_name, node.`type` AS node_type, node.`url` AS node_url, node.parent_id AS node_parent_id, node.`permission` AS node_permission, node.`available` AS node_available, node.`external` AS node_external, node.icon AS node_icon FROM sys_menu re LEFT JOIN sys_role_menu rr ON re.id = rr.menu_id LEFT JOIN sys_user_role ur ON rr.role_id = ur.role_id LEFT JOIN sys_menu node ON node.parent_id = re.id AND node.available = 1 WHERE (re.parent_id = 0 OR re.parent_id IS NULL ) AND re.available = 1 AND ur.user_id = ? AND re.type= ? ORDER BY re.sort ASC, node.sort ASC 
2020-01-25 19:02:03.997 DEBUG 23324 --- [http-nio-8087-exec-1] c.b.b.c.m.SysMenuMapper.listUserMenu     : ==> Parameters: 1(Integer), menu(String)
2020-01-25 19:02:03.999 DEBUG 23324 --- [http-nio-8087-exec-1] c.b.b.c.m.SysMenuMapper.listUserMenu     : <==      Total: 4
2020-01-25 19:02:04.124 DEBUG 23324 --- [http-nio-8087-exec-3] b.b.c.m.S.findPageBreakByCondition_COUNT : ==>  Preparing: SELECT count(0) FROM (SELECT s.* FROM sys_user s WHERE 1 = 1 GROUP BY s.id) table_count 
2020-01-25 19:02:04.125 DEBUG 23324 --- [http-nio-8087-exec-3] b.b.c.m.S.findPageBreakByCondition_COUNT : ==> Parameters: 
2020-01-25 19:02:04.126 DEBUG 23324 --- [http-nio-8087-exec-3] b.b.c.m.S.findPageBreakByCondition_COUNT : <==      Total: 1
2020-01-25 19:02:04.126 DEBUG 23324 --- [http-nio-8087-exec-3] c.b.b.c.m.S.findPageBreakByCondition     : ==>  Preparing: SELECT s.* FROM sys_user s WHERE 1 = 1 GROUP BY s.id ORDER BY s.create_time DESC LIMIT ? 
2020-01-25 19:02:04.127 DEBUG 23324 --- [http-nio-8087-exec-3] c.b.b.c.m.S.findPageBreakByCondition     : ==> Parameters: 10(Integer)
2020-01-25 19:02:04.128 DEBUG 23324 --- [http-nio-8087-exec-3] c.b.b.c.m.S.findPageBreakByCondition     : <==      Total: 2
2020-01-25 19:02:22.499 DEBUG 23324 --- [http-nio-8087-exec-5] c.b.b.c.m.SysMenuMapper.listUserMenu     : ==>  Preparing: SELECT re.id, re.`name`, re.parent_id, re.url, re.permission, re.icon, re.external, re.`available`, node.id AS node_id, node.`name` AS node_name, node.`type` AS node_type, node.`url` AS node_url, node.parent_id AS node_parent_id, node.`permission` AS node_permission, node.`available` AS node_available, node.`external` AS node_external, node.icon AS node_icon FROM sys_menu re LEFT JOIN sys_role_menu rr ON re.id = rr.menu_id LEFT JOIN sys_user_role ur ON rr.role_id = ur.role_id LEFT JOIN sys_menu node ON node.parent_id = re.id AND node.available = 1 WHERE (re.parent_id = 0 OR re.parent_id IS NULL ) AND re.available = 1 AND ur.user_id = ? AND re.type= ? ORDER BY re.sort ASC, node.sort ASC 
2020-01-25 19:02:22.509 DEBUG 23324 --- [http-nio-8087-exec-5] c.b.b.c.m.SysMenuMapper.listUserMenu     : ==> Parameters: 1(Integer), menu(String)
2020-01-25 19:02:22.511 DEBUG 23324 --- [http-nio-8087-exec-5] c.b.b.c.m.SysMenuMapper.listUserMenu     : <==      Total: 4
2020-01-25 19:02:22.520 DEBUG 23324 --- [http-nio-8087-exec-5] c.b.b.c.m.S.listAllAvailableMenu         : ==>  Preparing: SELECT r.id, r.`name`, node.id AS node_id, node.`name` AS node_name, node.parent_id FROM sys_menu r LEFT JOIN sys_menu node ON ( node.parent_id = r.id AND node.available = 1 AND node.type = 'menu' ) WHERE r.available = 1 AND r.type = 'menu' AND (r.url IS NULL OR r.url = '') AND (r.permission IS NULL OR r.permission = '') ORDER BY r.sort ASC, node.sort ASC 
2020-01-25 19:02:22.521 DEBUG 23324 --- [http-nio-8087-exec-5] c.b.b.c.m.S.listAllAvailableMenu         : ==> Parameters: 
2020-01-25 19:02:22.524 DEBUG 23324 --- [http-nio-8087-exec-5] c.b.b.c.m.S.listAllAvailableMenu         : <==      Total: 4
2020-01-25 19:02:22.660 DEBUG 23324 --- [http-nio-8087-exec-6] b.b.c.m.S.findPageBreakByCondition_COUNT : ==>  Preparing: SELECT count(0) FROM sys_Menu com LEFT JOIN sys_Menu f ON com.parent_id = f.id WHERE 1 = 1 
2020-01-25 19:02:22.661 DEBUG 23324 --- [http-nio-8087-exec-6] b.b.c.m.S.findPageBreakByCondition_COUNT : ==> Parameters: 
2020-01-25 19:02:22.662 DEBUG 23324 --- [http-nio-8087-exec-6] b.b.c.m.S.findPageBreakByCondition_COUNT : <==      Total: 1
2020-01-25 19:02:22.662 DEBUG 23324 --- [http-nio-8087-exec-6] c.b.b.c.m.S.findPageBreakByCondition     : ==>  Preparing: SELECT com.*, f.id parent_id, f.`name` parent_name, f.`icon` parent_icon, f.type parent_type FROM sys_Menu com LEFT JOIN sys_Menu f ON com.parent_id = f.id WHERE 1 = 1 ORDER by com.parent_id ASC, com.name DESC LIMIT ? 
2020-01-25 19:02:22.663 DEBUG 23324 --- [http-nio-8087-exec-6] c.b.b.c.m.S.findPageBreakByCondition     : ==> Parameters: 10(Integer)
2020-01-25 19:02:22.667 DEBUG 23324 --- [http-nio-8087-exec-6] c.b.b.c.m.S.findPageBreakByCondition     : <==      Total: 10
2020-01-25 19:02:35.903 DEBUG 23324 --- [http-nio-8087-exec-8] c.b.b.c.m.SysMenuMapper.listUserMenu     : ==>  Preparing: SELECT re.id, re.`name`, re.parent_id, re.url, re.permission, re.icon, re.external, re.`available`, node.id AS node_id, node.`name` AS node_name, node.`type` AS node_type, node.`url` AS node_url, node.parent_id AS node_parent_id, node.`permission` AS node_permission, node.`available` AS node_available, node.`external` AS node_external, node.icon AS node_icon FROM sys_menu re LEFT JOIN sys_role_menu rr ON re.id = rr.menu_id LEFT JOIN sys_user_role ur ON rr.role_id = ur.role_id LEFT JOIN sys_menu node ON node.parent_id = re.id AND node.available = 1 WHERE (re.parent_id = 0 OR re.parent_id IS NULL ) AND re.available = 1 AND ur.user_id = ? AND re.type= ? ORDER BY re.sort ASC, node.sort ASC 
2020-01-25 19:02:35.904 DEBUG 23324 --- [http-nio-8087-exec-8] c.b.b.c.m.SysMenuMapper.listUserMenu     : ==> Parameters: 1(Integer), menu(String)
2020-01-25 19:02:35.907 DEBUG 23324 --- [http-nio-8087-exec-8] c.b.b.c.m.SysMenuMapper.listUserMenu     : <==      Total: 4
