2020-01-22 19:09:34.473  INFO 15604 --- [main] com.blackcat.blog.BlogBaseApplication    : Starting BlogBaseApplication on DESKTOP-7OHM8U2 with PID 15604 (D:\project\blackcat-blog-web\blog-base\target\classes started by kylin in D:\project\blackcat-blog-web)
2020-01-22 19:09:34.477  INFO 15604 --- [main] com.blackcat.blog.BlogBaseApplication    : No active profile set, falling back to default profiles: default
2020-01-22 19:09:35.476  INFO 15604 --- [main] .s.d.r.c.RepositoryConfigurationDelegate : Multiple Spring Data modules found, entering strict repository configuration mode!
2020-01-22 19:09:35.481  INFO 15604 --- [main] .s.d.r.c.RepositoryConfigurationDelegate : Bootstrapping Spring Data Redis repositories in DEFAULT mode.
2020-01-22 19:09:35.545  INFO 15604 --- [main] .s.d.r.c.RepositoryConfigurationDelegate : Finished Spring Data repository scanning in 41ms. Found 0 Redis repository interfaces.
2020-01-22 19:09:35.929  INFO 15604 --- [main] faultConfiguringBeanFactoryPostProcessor : No bean named 'errorChannel' has been explicitly defined. Therefore, a default PublishSubscribeChannel will be created.
2020-01-22 19:09:35.943  INFO 15604 --- [main] faultConfiguringBeanFactoryPostProcessor : No bean named 'taskScheduler' has been explicitly defined. Therefore, a default ThreadPoolTaskScheduler will be created.
2020-01-22 19:09:35.952  INFO 15604 --- [main] faultConfiguringBeanFactoryPostProcessor : No bean named 'integrationHeaderChannelRegistry' has been explicitly defined. Therefore, a default DefaultHeaderChannelRegistry will be created.
2020-01-22 19:09:36.114  INFO 15604 --- [main] trationDelegate$BeanPostProcessorChecker : Bean 'org.springframework.transaction.annotation.ProxyTransactionManagementConfiguration' of type [org.springframework.transaction.annotation.ProxyTransactionManagementConfiguration] is not eligible for getting processed by all BeanPostProcessors (for example: not eligible for auto-proxying)
2020-01-22 19:09:36.163  INFO 15604 --- [main] trationDelegate$BeanPostProcessorChecker : Bean 'org.springframework.integration.config.IntegrationManagementConfiguration' of type [org.springframework.integration.config.IntegrationManagementConfiguration] is not eligible for getting processed by all BeanPostProcessors (for example: not eligible for auto-proxying)
2020-01-22 19:09:36.173  INFO 15604 --- [main] trationDelegate$BeanPostProcessorChecker : Bean 'integrationChannelResolver' of type [org.springframework.integration.support.channel.BeanFactoryChannelResolver] is not eligible for getting processed by all BeanPostProcessors (for example: not eligible for auto-proxying)
2020-01-22 19:09:36.176  INFO 15604 --- [main] trationDelegate$BeanPostProcessorChecker : Bean 'integrationDisposableAutoCreatedBeans' of type [org.springframework.integration.config.annotation.Disposables] is not eligible for getting processed by all BeanPostProcessors (for example: not eligible for auto-proxying)
2020-01-22 19:09:36.526  INFO 15604 --- [main] o.s.b.w.embedded.tomcat.TomcatWebServer  : Tomcat initialized with port(s): 8087 (http)
2020-01-22 19:09:36.539  INFO 15604 --- [main] o.apache.catalina.core.StandardService   : Starting service [Tomcat]
2020-01-22 19:09:36.539  INFO 15604 --- [main] org.apache.catalina.core.StandardEngine  : Starting Servlet engine: [Apache Tomcat/9.0.29]
2020-01-22 19:09:36.542  INFO 15604 --- [main] o.a.catalina.core.AprLifecycleListener   : An older version [1.2.14] of the APR based Apache Tomcat Native library is installed, while Tomcat recommends a minimum version of [1.2.23]
2020-01-22 19:09:36.542  INFO 15604 --- [main] o.a.catalina.core.AprLifecycleListener   : Loaded APR based Apache Tomcat Native library [1.2.14] using APR version [1.6.2].
2020-01-22 19:09:36.542  INFO 15604 --- [main] o.a.catalina.core.AprLifecycleListener   : APR capabilities: IPv6 [true], sendfile [true], accept filters [false], random [true].
2020-01-22 19:09:36.543  INFO 15604 --- [main] o.a.catalina.core.AprLifecycleListener   : APR/OpenSSL configuration: useAprConnector [false], useOpenSSL [true]
2020-01-22 19:09:37.694  INFO 15604 --- [main] o.a.catalina.core.AprLifecycleListener   : OpenSSL successfully initialized [OpenSSL 1.0.2l  25 May 2017]
2020-01-22 19:09:38.170  INFO 15604 --- [main] o.a.c.c.C.[Tomcat].[localhost].[/]       : Initializing Spring embedded WebApplicationContext
2020-01-22 19:09:38.170  INFO 15604 --- [main] o.s.web.context.ContextLoader            : Root WebApplicationContext: initialization completed in 3633 ms
2020-01-22 19:09:38.809  WARN 15604 --- [main] ConfigServletWebServerApplicationContext : Exception encountered during context initialization - cancelling refresh attempt: org.springframework.beans.factory.UnsatisfiedDependencyException: Error creating bean with name 'freeMarkerConfig': Unsatisfied dependency expressed through field 'customTag'; nested exception is org.springframework.beans.factory.UnsatisfiedDependencyException: Error creating bean with name 'customTag': Unsatisfied dependency expressed through field 'sysMenuService'; nested exception is org.springframework.beans.factory.UnsatisfiedDependencyException: Error creating bean with name 'sysMenuService': Unsatisfied dependency expressed through field 'sysMenuMapper'; nested exception is org.springframework.beans.factory.UnsatisfiedDependencyException: Error creating bean with name 'sysMenuMapper' defined in file [D:\project\blackcat-blog-web\blog-base\target\classes\com\blackcat\blog\core\mapper\SysMenuMapper.class]: Unsatisfied dependency expressed through bean property 'sqlSessionFactory'; nested exception is org.springframework.beans.factory.BeanCreationException: Error creating bean with name 'sqlSessionFactory' defined in class path resource [com/baomidou/mybatisplus/autoconfigure/MybatisPlusAutoConfiguration.class]: Bean instantiation via factory method failed; nested exception is org.springframework.beans.BeanInstantiationException: Failed to instantiate [org.apache.ibatis.session.SqlSessionFactory]: Factory method 'sqlSessionFactory' threw exception; nested exception is java.lang.BootstrapMethodError: java.lang.NoSuchMethodError: com.baomidou.mybatisplus.extension.spring.MybatisSqlSessionFactoryBean.setDefaultScriptingLanguageDriver(Ljava/lang/Class;)V
2020-01-22 19:09:38.815  INFO 15604 --- [main] o.apache.catalina.core.StandardService   : Stopping service [Tomcat]
2020-01-22 19:09:38.841  INFO 15604 --- [main] ConditionEvaluationReportLoggingListener : 

Error starting ApplicationContext. To display the conditions report re-run your application with 'debug' enabled.
2020-01-22 19:09:38.855 ERROR 15604 --- [main] o.s.b.d.LoggingFailureAnalysisReporter   : 

***************************
APPLICATION FAILED TO START
***************************

Description:

An attempt was made to call a method that does not exist. The attempt was made from the following location:

    java.lang.invoke.MethodHandleNatives.resolve(Native Method)

The following method did not exist:

    com.baomidou.mybatisplus.extension.spring.MybatisSqlSessionFactoryBean.setDefaultScriptingLanguageDriver(Ljava/lang/Class;)V

The method's class, com.baomidou.mybatisplus.extension.spring.MybatisSqlSessionFactoryBean, is available from the following locations:

    jar:file:/C:/Users/kylin/.m2/repository/com/baomidou/mybatis-plus-extension/3.1.0/mybatis-plus-extension-3.1.0.jar!/com/baomidou/mybatisplus/extension/spring/MybatisSqlSessionFactoryBean.class

It was loaded from the following location:

    file:/C:/Users/kylin/.m2/repository/com/baomidou/mybatis-plus-extension/3.1.0/mybatis-plus-extension-3.1.0.jar


Action:

Correct the classpath of your application so that it contains a single, compatible version of com.baomidou.mybatisplus.extension.spring.MybatisSqlSessionFactoryBean

2020-01-22 19:16:19.580  INFO 12336 --- [main] com.blackcat.blog.BlogBaseApplication    : Starting BlogBaseApplication on DESKTOP-7OHM8U2 with PID 12336 (D:\project\blackcat-blog-web\blog-base\target\classes started by kylin in D:\project\blackcat-blog-web)
2020-01-22 19:16:19.584  INFO 12336 --- [main] com.blackcat.blog.BlogBaseApplication    : No active profile set, falling back to default profiles: default
2020-01-22 19:16:20.364  INFO 12336 --- [main] .s.d.r.c.RepositoryConfigurationDelegate : Multiple Spring Data modules found, entering strict repository configuration mode!
2020-01-22 19:16:20.367  INFO 12336 --- [main] .s.d.r.c.RepositoryConfigurationDelegate : Bootstrapping Spring Data Redis repositories in DEFAULT mode.
2020-01-22 19:16:20.412  INFO 12336 --- [main] .s.d.r.c.RepositoryConfigurationDelegate : Finished Spring Data repository scanning in 30ms. Found 0 Redis repository interfaces.
2020-01-22 19:16:20.687  INFO 12336 --- [main] faultConfiguringBeanFactoryPostProcessor : No bean named 'errorChannel' has been explicitly defined. Therefore, a default PublishSubscribeChannel will be created.
2020-01-22 19:16:20.697  INFO 12336 --- [main] faultConfiguringBeanFactoryPostProcessor : No bean named 'taskScheduler' has been explicitly defined. Therefore, a default ThreadPoolTaskScheduler will be created.
2020-01-22 19:16:20.702  INFO 12336 --- [main] faultConfiguringBeanFactoryPostProcessor : No bean named 'integrationHeaderChannelRegistry' has been explicitly defined. Therefore, a default DefaultHeaderChannelRegistry will be created.
2020-01-22 19:16:20.795  INFO 12336 --- [main] trationDelegate$BeanPostProcessorChecker : Bean 'org.springframework.transaction.annotation.ProxyTransactionManagementConfiguration' of type [org.springframework.transaction.annotation.ProxyTransactionManagementConfiguration] is not eligible for getting processed by all BeanPostProcessors (for example: not eligible for auto-proxying)
2020-01-22 19:16:20.823  INFO 12336 --- [main] trationDelegate$BeanPostProcessorChecker : Bean 'org.springframework.integration.config.IntegrationManagementConfiguration' of type [org.springframework.integration.config.IntegrationManagementConfiguration] is not eligible for getting processed by all BeanPostProcessors (for example: not eligible for auto-proxying)
2020-01-22 19:16:20.832  INFO 12336 --- [main] trationDelegate$BeanPostProcessorChecker : Bean 'integrationChannelResolver' of type [org.springframework.integration.support.channel.BeanFactoryChannelResolver] is not eligible for getting processed by all BeanPostProcessors (for example: not eligible for auto-proxying)
2020-01-22 19:16:20.834  INFO 12336 --- [main] trationDelegate$BeanPostProcessorChecker : Bean 'integrationDisposableAutoCreatedBeans' of type [org.springframework.integration.config.annotation.Disposables] is not eligible for getting processed by all BeanPostProcessors (for example: not eligible for auto-proxying)
2020-01-22 19:16:21.082  INFO 12336 --- [main] o.s.b.w.embedded.tomcat.TomcatWebServer  : Tomcat initialized with port(s): 8087 (http)
2020-01-22 19:16:21.092  INFO 12336 --- [main] o.apache.catalina.core.StandardService   : Starting service [Tomcat]
2020-01-22 19:16:21.093  INFO 12336 --- [main] org.apache.catalina.core.StandardEngine  : Starting Servlet engine: [Apache Tomcat/9.0.29]
2020-01-22 19:16:21.094  INFO 12336 --- [main] o.a.catalina.core.AprLifecycleListener   : An older version [1.2.14] of the APR based Apache Tomcat Native library is installed, while Tomcat recommends a minimum version of [1.2.23]
2020-01-22 19:16:21.095  INFO 12336 --- [main] o.a.catalina.core.AprLifecycleListener   : Loaded APR based Apache Tomcat Native library [1.2.14] using APR version [1.6.2].
2020-01-22 19:16:21.095  INFO 12336 --- [main] o.a.catalina.core.AprLifecycleListener   : APR capabilities: IPv6 [true], sendfile [true], accept filters [false], random [true].
2020-01-22 19:16:21.095  INFO 12336 --- [main] o.a.catalina.core.AprLifecycleListener   : APR/OpenSSL configuration: useAprConnector [false], useOpenSSL [true]
2020-01-22 19:16:22.161  INFO 12336 --- [main] o.a.catalina.core.AprLifecycleListener   : OpenSSL successfully initialized [OpenSSL 1.0.2l  25 May 2017]
2020-01-22 19:16:22.276  INFO 12336 --- [main] o.a.c.c.C.[Tomcat].[localhost].[/]       : Initializing Spring embedded WebApplicationContext
2020-01-22 19:16:22.276  INFO 12336 --- [main] o.s.web.context.ContextLoader            : Root WebApplicationContext: initialization completed in 2612 ms
2020-01-22 19:16:22.759  WARN 12336 --- [main] ConfigServletWebServerApplicationContext : Exception encountered during context initialization - cancelling refresh attempt: org.springframework.beans.factory.UnsatisfiedDependencyException: Error creating bean with name 'freeMarkerConfig': Unsatisfied dependency expressed through field 'customTag'; nested exception is org.springframework.beans.factory.UnsatisfiedDependencyException: Error creating bean with name 'customTag': Unsatisfied dependency expressed through field 'sysMenuService'; nested exception is org.springframework.beans.factory.UnsatisfiedDependencyException: Error creating bean with name 'sysMenuService': Unsatisfied dependency expressed through field 'sysMenuMapper'; nested exception is org.springframework.beans.factory.UnsatisfiedDependencyException: Error creating bean with name 'sysMenuMapper' defined in file [D:\project\blackcat-blog-web\blog-base\target\classes\com\blackcat\blog\core\mapper\SysMenuMapper.class]: Unsatisfied dependency expressed through bean property 'sqlSessionFactory'; nested exception is org.springframework.beans.factory.BeanCreationException: Error creating bean with name 'sqlSessionFactory' defined in class path resource [com/baomidou/mybatisplus/autoconfigure/MybatisPlusAutoConfiguration.class]: Bean instantiation via factory method failed; nested exception is org.springframework.beans.BeanInstantiationException: Failed to instantiate [org.apache.ibatis.session.SqlSessionFactory]: Factory method 'sqlSessionFactory' threw exception; nested exception is java.lang.BootstrapMethodError: java.lang.NoSuchMethodError: com.baomidou.mybatisplus.extension.spring.MybatisSqlSessionFactoryBean.setDefaultScriptingLanguageDriver(Ljava/lang/Class;)V
2020-01-22 19:16:22.763  INFO 12336 --- [main] o.apache.catalina.core.StandardService   : Stopping service [Tomcat]
2020-01-22 19:16:22.789  INFO 12336 --- [main] ConditionEvaluationReportLoggingListener : 

Error starting ApplicationContext. To display the conditions report re-run your application with 'debug' enabled.
2020-01-22 19:16:22.798 ERROR 12336 --- [main] o.s.b.d.LoggingFailureAnalysisReporter   : 

***************************
APPLICATION FAILED TO START
***************************

Description:

An attempt was made to call a method that does not exist. The attempt was made from the following location:

    java.lang.invoke.MethodHandleNatives.resolve(Native Method)

The following method did not exist:

    com.baomidou.mybatisplus.extension.spring.MybatisSqlSessionFactoryBean.setDefaultScriptingLanguageDriver(Ljava/lang/Class;)V

The method's class, com.baomidou.mybatisplus.extension.spring.MybatisSqlSessionFactoryBean, is available from the following locations:

    jar:file:/D:/software/maven/localRepository/com/baomidou/mybatis-plus-extension/3.1.0/mybatis-plus-extension-3.1.0.jar!/com/baomidou/mybatisplus/extension/spring/MybatisSqlSessionFactoryBean.class

It was loaded from the following location:

    file:/D:/software/maven/localRepository/com/baomidou/mybatis-plus-extension/3.1.0/mybatis-plus-extension-3.1.0.jar


Action:

Correct the classpath of your application so that it contains a single, compatible version of com.baomidou.mybatisplus.extension.spring.MybatisSqlSessionFactoryBean

2020-01-22 19:23:43.914  INFO 9096 --- [main] com.blackcat.blog.BlogBaseApplication    : Starting BlogBaseApplication on DESKTOP-7OHM8U2 with PID 9096 (D:\project\blackcat-blog-web\blog-base\target\classes started by kylin in D:\project\blackcat-blog-web)
2020-01-22 19:23:43.918  INFO 9096 --- [main] com.blackcat.blog.BlogBaseApplication    : No active profile set, falling back to default profiles: default
2020-01-22 19:23:44.662  INFO 9096 --- [main] .s.d.r.c.RepositoryConfigurationDelegate : Multiple Spring Data modules found, entering strict repository configuration mode!
2020-01-22 19:23:44.664  INFO 9096 --- [main] .s.d.r.c.RepositoryConfigurationDelegate : Bootstrapping Spring Data Redis repositories in DEFAULT mode.
2020-01-22 19:23:44.711  INFO 9096 --- [main] .s.d.r.c.RepositoryConfigurationDelegate : Finished Spring Data repository scanning in 31ms. Found 0 Redis repository interfaces.
2020-01-22 19:23:44.989  INFO 9096 --- [main] faultConfiguringBeanFactoryPostProcessor : No bean named 'errorChannel' has been explicitly defined. Therefore, a default PublishSubscribeChannel will be created.
2020-01-22 19:23:44.998  INFO 9096 --- [main] faultConfiguringBeanFactoryPostProcessor : No bean named 'taskScheduler' has been explicitly defined. Therefore, a default ThreadPoolTaskScheduler will be created.
2020-01-22 19:23:45.003  INFO 9096 --- [main] faultConfiguringBeanFactoryPostProcessor : No bean named 'integrationHeaderChannelRegistry' has been explicitly defined. Therefore, a default DefaultHeaderChannelRegistry will be created.
2020-01-22 19:23:45.098  INFO 9096 --- [main] trationDelegate$BeanPostProcessorChecker : Bean 'org.springframework.transaction.annotation.ProxyTransactionManagementConfiguration' of type [org.springframework.transaction.annotation.ProxyTransactionManagementConfiguration] is not eligible for getting processed by all BeanPostProcessors (for example: not eligible for auto-proxying)
2020-01-22 19:23:45.126  INFO 9096 --- [main] trationDelegate$BeanPostProcessorChecker : Bean 'org.springframework.integration.config.IntegrationManagementConfiguration' of type [org.springframework.integration.config.IntegrationManagementConfiguration] is not eligible for getting processed by all BeanPostProcessors (for example: not eligible for auto-proxying)
2020-01-22 19:23:45.133  INFO 9096 --- [main] trationDelegate$BeanPostProcessorChecker : Bean 'integrationChannelResolver' of type [org.springframework.integration.support.channel.BeanFactoryChannelResolver] is not eligible for getting processed by all BeanPostProcessors (for example: not eligible for auto-proxying)
2020-01-22 19:23:45.136  INFO 9096 --- [main] trationDelegate$BeanPostProcessorChecker : Bean 'integrationDisposableAutoCreatedBeans' of type [org.springframework.integration.config.annotation.Disposables] is not eligible for getting processed by all BeanPostProcessors (for example: not eligible for auto-proxying)
2020-01-22 19:23:45.395  INFO 9096 --- [main] o.s.b.w.embedded.tomcat.TomcatWebServer  : Tomcat initialized with port(s): 8087 (http)
2020-01-22 19:23:45.405  INFO 9096 --- [main] o.apache.catalina.core.StandardService   : Starting service [Tomcat]
2020-01-22 19:23:45.406  INFO 9096 --- [main] org.apache.catalina.core.StandardEngine  : Starting Servlet engine: [Apache Tomcat/9.0.29]
2020-01-22 19:23:45.407  INFO 9096 --- [main] o.a.catalina.core.AprLifecycleListener   : An older version [1.2.14] of the APR based Apache Tomcat Native library is installed, while Tomcat recommends a minimum version of [1.2.23]
2020-01-22 19:23:45.408  INFO 9096 --- [main] o.a.catalina.core.AprLifecycleListener   : Loaded APR based Apache Tomcat Native library [1.2.14] using APR version [1.6.2].
2020-01-22 19:23:45.408  INFO 9096 --- [main] o.a.catalina.core.AprLifecycleListener   : APR capabilities: IPv6 [true], sendfile [true], accept filters [false], random [true].
2020-01-22 19:23:45.408  INFO 9096 --- [main] o.a.catalina.core.AprLifecycleListener   : APR/OpenSSL configuration: useAprConnector [false], useOpenSSL [true]
2020-01-22 19:23:46.492  INFO 9096 --- [main] o.a.catalina.core.AprLifecycleListener   : OpenSSL successfully initialized [OpenSSL 1.0.2l  25 May 2017]
2020-01-22 19:23:46.609  INFO 9096 --- [main] o.a.c.c.C.[Tomcat].[localhost].[/]       : Initializing Spring embedded WebApplicationContext
2020-01-22 19:23:46.609  INFO 9096 --- [main] o.s.web.context.ContextLoader            : Root WebApplicationContext: initialization completed in 2606 ms
2020-01-22 19:23:47.047  WARN 9096 --- [main] ConfigServletWebServerApplicationContext : Exception encountered during context initialization - cancelling refresh attempt: org.springframework.beans.factory.UnsatisfiedDependencyException: Error creating bean with name 'freeMarkerConfig': Unsatisfied dependency expressed through field 'customTag'; nested exception is org.springframework.beans.factory.UnsatisfiedDependencyException: Error creating bean with name 'customTag': Unsatisfied dependency expressed through field 'sysMenuService'; nested exception is org.springframework.beans.factory.UnsatisfiedDependencyException: Error creating bean with name 'sysMenuService': Unsatisfied dependency expressed through field 'sysMenuMapper'; nested exception is org.springframework.beans.factory.UnsatisfiedDependencyException: Error creating bean with name 'sysMenuMapper' defined in file [D:\project\blackcat-blog-web\blog-base\target\classes\com\blackcat\blog\core\mapper\SysMenuMapper.class]: Unsatisfied dependency expressed through bean property 'sqlSessionFactory'; nested exception is org.springframework.beans.factory.BeanCreationException: Error creating bean with name 'sqlSessionFactory' defined in class path resource [com/baomidou/mybatisplus/autoconfigure/MybatisPlusAutoConfiguration.class]: Bean instantiation via factory method failed; nested exception is org.springframework.beans.BeanInstantiationException: Failed to instantiate [org.apache.ibatis.session.SqlSessionFactory]: Factory method 'sqlSessionFactory' threw exception; nested exception is java.lang.BootstrapMethodError: java.lang.NoSuchMethodError: com.baomidou.mybatisplus.extension.spring.MybatisSqlSessionFactoryBean.setDefaultScriptingLanguageDriver(Ljava/lang/Class;)V
2020-01-22 19:23:47.051  INFO 9096 --- [main] o.apache.catalina.core.StandardService   : Stopping service [Tomcat]
2020-01-22 19:23:47.071  INFO 9096 --- [main] ConditionEvaluationReportLoggingListener : 

Error starting ApplicationContext. To display the conditions report re-run your application with 'debug' enabled.
2020-01-22 19:23:47.078 ERROR 9096 --- [main] o.s.b.d.LoggingFailureAnalysisReporter   : 

***************************
APPLICATION FAILED TO START
***************************

Description:

An attempt was made to call a method that does not exist. The attempt was made from the following location:

    java.lang.invoke.MethodHandleNatives.resolve(Native Method)

The following method did not exist:

    com.baomidou.mybatisplus.extension.spring.MybatisSqlSessionFactoryBean.setDefaultScriptingLanguageDriver(Ljava/lang/Class;)V

The method's class, com.baomidou.mybatisplus.extension.spring.MybatisSqlSessionFactoryBean, is available from the following locations:

    jar:file:/D:/software/maven/localRepository/com/baomidou/mybatis-plus-extension/3.1.0/mybatis-plus-extension-3.1.0.jar!/com/baomidou/mybatisplus/extension/spring/MybatisSqlSessionFactoryBean.class

It was loaded from the following location:

    file:/D:/software/maven/localRepository/com/baomidou/mybatis-plus-extension/3.1.0/mybatis-plus-extension-3.1.0.jar


Action:

Correct the classpath of your application so that it contains a single, compatible version of com.baomidou.mybatisplus.extension.spring.MybatisSqlSessionFactoryBean

2020-01-22 19:26:54.684  INFO 5824 --- [main] com.blackcat.blog.BlogBaseApplication    : Starting BlogBaseApplication on DESKTOP-7OHM8U2 with PID 5824 (D:\project\blackcat-blog-web\blog-base\target\classes started by kylin in D:\project\blackcat-blog-web)
2020-01-22 19:26:54.695  INFO 5824 --- [main] com.blackcat.blog.BlogBaseApplication    : No active profile set, falling back to default profiles: default
2020-01-22 19:26:55.420  INFO 5824 --- [main] .s.d.r.c.RepositoryConfigurationDelegate : Multiple Spring Data modules found, entering strict repository configuration mode!
2020-01-22 19:26:55.422  INFO 5824 --- [main] .s.d.r.c.RepositoryConfigurationDelegate : Bootstrapping Spring Data Redis repositories in DEFAULT mode.
2020-01-22 19:26:55.468  INFO 5824 --- [main] .s.d.r.c.RepositoryConfigurationDelegate : Finished Spring Data repository scanning in 30ms. Found 0 Redis repository interfaces.
2020-01-22 19:26:55.744  INFO 5824 --- [main] faultConfiguringBeanFactoryPostProcessor : No bean named 'errorChannel' has been explicitly defined. Therefore, a default PublishSubscribeChannel will be created.
2020-01-22 19:26:55.753  INFO 5824 --- [main] faultConfiguringBeanFactoryPostProcessor : No bean named 'taskScheduler' has been explicitly defined. Therefore, a default ThreadPoolTaskScheduler will be created.
2020-01-22 19:26:55.759  INFO 5824 --- [main] faultConfiguringBeanFactoryPostProcessor : No bean named 'integrationHeaderChannelRegistry' has been explicitly defined. Therefore, a default DefaultHeaderChannelRegistry will be created.
2020-01-22 19:26:55.851  INFO 5824 --- [main] trationDelegate$BeanPostProcessorChecker : Bean 'org.springframework.transaction.annotation.ProxyTransactionManagementConfiguration' of type [org.springframework.transaction.annotation.ProxyTransactionManagementConfiguration] is not eligible for getting processed by all BeanPostProcessors (for example: not eligible for auto-proxying)
2020-01-22 19:26:55.878  INFO 5824 --- [main] trationDelegate$BeanPostProcessorChecker : Bean 'org.springframework.integration.config.IntegrationManagementConfiguration' of type [org.springframework.integration.config.IntegrationManagementConfiguration] is not eligible for getting processed by all BeanPostProcessors (for example: not eligible for auto-proxying)
2020-01-22 19:26:55.885  INFO 5824 --- [main] trationDelegate$BeanPostProcessorChecker : Bean 'integrationChannelResolver' of type [org.springframework.integration.support.channel.BeanFactoryChannelResolver] is not eligible for getting processed by all BeanPostProcessors (for example: not eligible for auto-proxying)
2020-01-22 19:26:55.888  INFO 5824 --- [main] trationDelegate$BeanPostProcessorChecker : Bean 'integrationDisposableAutoCreatedBeans' of type [org.springframework.integration.config.annotation.Disposables] is not eligible for getting processed by all BeanPostProcessors (for example: not eligible for auto-proxying)
2020-01-22 19:26:56.157  INFO 5824 --- [main] o.s.b.w.embedded.tomcat.TomcatWebServer  : Tomcat initialized with port(s): 8087 (http)
2020-01-22 19:26:56.167  INFO 5824 --- [main] o.apache.catalina.core.StandardService   : Starting service [Tomcat]
2020-01-22 19:26:56.167  INFO 5824 --- [main] org.apache.catalina.core.StandardEngine  : Starting Servlet engine: [Apache Tomcat/9.0.29]
2020-01-22 19:26:56.169  INFO 5824 --- [main] o.a.catalina.core.AprLifecycleListener   : An older version [1.2.14] of the APR based Apache Tomcat Native library is installed, while Tomcat recommends a minimum version of [1.2.23]
2020-01-22 19:26:56.169  INFO 5824 --- [main] o.a.catalina.core.AprLifecycleListener   : Loaded APR based Apache Tomcat Native library [1.2.14] using APR version [1.6.2].
2020-01-22 19:26:56.169  INFO 5824 --- [main] o.a.catalina.core.AprLifecycleListener   : APR capabilities: IPv6 [true], sendfile [true], accept filters [false], random [true].
2020-01-22 19:26:56.169  INFO 5824 --- [main] o.a.catalina.core.AprLifecycleListener   : APR/OpenSSL configuration: useAprConnector [false], useOpenSSL [true]
2020-01-22 19:26:57.258  INFO 5824 --- [main] o.a.catalina.core.AprLifecycleListener   : OpenSSL successfully initialized [OpenSSL 1.0.2l  25 May 2017]
2020-01-22 19:26:57.372  INFO 5824 --- [main] o.a.c.c.C.[Tomcat].[localhost].[/]       : Initializing Spring embedded WebApplicationContext
2020-01-22 19:26:57.372  INFO 5824 --- [main] o.s.web.context.ContextLoader            : Root WebApplicationContext: initialization completed in 2602 ms
2020-01-22 19:26:57.791  WARN 5824 --- [main] ConfigServletWebServerApplicationContext : Exception encountered during context initialization - cancelling refresh attempt: org.springframework.beans.factory.UnsatisfiedDependencyException: Error creating bean with name 'freeMarkerConfig': Unsatisfied dependency expressed through field 'customTag'; nested exception is org.springframework.beans.factory.UnsatisfiedDependencyException: Error creating bean with name 'customTag': Unsatisfied dependency expressed through field 'sysMenuService'; nested exception is org.springframework.beans.factory.UnsatisfiedDependencyException: Error creating bean with name 'sysMenuService': Unsatisfied dependency expressed through field 'sysMenuMapper'; nested exception is org.springframework.beans.factory.UnsatisfiedDependencyException: Error creating bean with name 'sysMenuMapper' defined in file [D:\project\blackcat-blog-web\blog-base\target\classes\com\blackcat\blog\core\mapper\SysMenuMapper.class]: Unsatisfied dependency expressed through bean property 'sqlSessionFactory'; nested exception is org.springframework.beans.factory.BeanCreationException: Error creating bean with name 'sqlSessionFactory' defined in class path resource [com/baomidou/mybatisplus/autoconfigure/MybatisPlusAutoConfiguration.class]: Bean instantiation via factory method failed; nested exception is org.springframework.beans.BeanInstantiationException: Failed to instantiate [org.apache.ibatis.session.SqlSessionFactory]: Factory method 'sqlSessionFactory' threw exception; nested exception is java.lang.BootstrapMethodError: java.lang.NoSuchMethodError: com.baomidou.mybatisplus.extension.spring.MybatisSqlSessionFactoryBean.setDefaultScriptingLanguageDriver(Ljava/lang/Class;)V
2020-01-22 19:26:57.794  INFO 5824 --- [main] o.apache.catalina.core.StandardService   : Stopping service [Tomcat]
2020-01-22 19:26:57.812  INFO 5824 --- [main] ConditionEvaluationReportLoggingListener : 

Error starting ApplicationContext. To display the conditions report re-run your application with 'debug' enabled.
2020-01-22 19:26:57.819 ERROR 5824 --- [main] o.s.b.d.LoggingFailureAnalysisReporter   : 

***************************
APPLICATION FAILED TO START
***************************

Description:

An attempt was made to call a method that does not exist. The attempt was made from the following location:

    java.lang.invoke.MethodHandleNatives.resolve(Native Method)

The following method did not exist:

    com.baomidou.mybatisplus.extension.spring.MybatisSqlSessionFactoryBean.setDefaultScriptingLanguageDriver(Ljava/lang/Class;)V

The method's class, com.baomidou.mybatisplus.extension.spring.MybatisSqlSessionFactoryBean, is available from the following locations:

    jar:file:/D:/software/maven/localRepository/com/baomidou/mybatis-plus-extension/3.1.0/mybatis-plus-extension-3.1.0.jar!/com/baomidou/mybatisplus/extension/spring/MybatisSqlSessionFactoryBean.class

It was loaded from the following location:

    file:/D:/software/maven/localRepository/com/baomidou/mybatis-plus-extension/3.1.0/mybatis-plus-extension-3.1.0.jar


Action:

Correct the classpath of your application so that it contains a single, compatible version of com.baomidou.mybatisplus.extension.spring.MybatisSqlSessionFactoryBean

